#
# There is insufficient memory for the Java Runtime Environment to continue.
# Native memory allocation (mmap) failed to map 6291456 bytes for G1 virtual space
# Possible reasons:
#   The system is out of physical RAM or swap space
#   The process is running with CompressedOops enabled, and the Java Heap may be blocking the growth of the native heap
# Possible solutions:
#   Reduce memory load on the system
#   Increase physical memory or swap space
#   Check if swap backing store is full
#   Decrease Java heap size (-Xmx/-Xms)
#   Decrease number of Java threads
#   Decrease Java thread stack sizes (-Xss)
#   Set larger code cache with -XX:ReservedCodeCacheSize=
#   JVM is running with Zero Based Compressed Oops mode in which the Java heap is
#     placed in the first 32GB address space. The Java Heap base address is the
#     maximum limit for the native heap growth. Please use -XX:HeapBaseMinAddress
#     to set the Java Heap base and to place the Java Heap above 32GB virtual address.
# This output file may be truncated or incomplete.
#
#  Out of Memory Error (./open/src/hotspot/os/windows/os_windows.cpp:3321), pid=3212, tid=13124
#
# JRE version: OpenJDK Runtime Environment (15.0.2+7) (build 15.0.2+7-27)
# Java VM: OpenJDK 64-Bit Server VM (15.0.2+7-27, mixed mode, tiered, compressed oops, g1 gc, windows-amd64)
# No core dump will be written. Minidumps are not enabled by default on client versions of Windows
#

---------------  S U M M A R Y ------------

Command Line: -Dfile.encoding=Cp1252 -XX:+ShowCodeDetailsInExceptionMessages cupcarbon.CupCarbonMain

Host: Intel(R) Core(TM) i5-9300H CPU @ 2.40GHz, 8 cores, 15G,  Windows 10 , 64 bit Build 19041 (10.0.19041.1566)
Time: Sun Jun 12 00:55:52 2022 Hora est. Pacífico, Sudamérica elapsed time: 10885.947729 seconds (0d 3h 1m 25s)

---------------  T H R E A D  ---------------

Current thread (0x000001de53b41580):  VMThread "VM Thread" [stack: 0x000000b099c00000,0x000000b099d00000] [id=13124]

Stack: [0x000000b099c00000,0x000000b099d00000]
[error occurred during error reporting (printing stack bounds), id 0xc0000005, EXCEPTION_ACCESS_VIOLATION (0xc0000005) at pc=0x000001de37e910ad]

Native frames: (J=compiled Java code, j=interpreted, Vv=VM code, C=native code)
V  [jvm.dll+0x62ae9a]
V  [jvm.dll+0x7817a9]
V  [jvm.dll+0x782f03]
V  [jvm.dll+0x7834c5]
V  [jvm.dll+0x78347b]
V  [jvm.dll+0x62a2b9]
V  [jvm.dll+0x62aa88]
C  [ntdll.dll+0xa20cf]
C  [ntdll.dll+0x51454]
C  [ntdll.dll+0xa0bfe]
C  0x000001de37e910ad

VM_Operation (0x000000b0998ff4f0): G1Concurrent, mode: safepoint, requested by thread 0x000001de344f7170


---------------  P R O C E S S  ---------------

Threads class SMR info:
_java_thread_list=0x000001de5c2e3900, length=36, elements={
0x000001de34493360, 0x000001de53b77020, 0x000001de53b79ae0, 0x000001de53b96ea0,
0x000001de53b99d60, 0x000001de53b9a810, 0x000001de53b9b5f0, 0x000001de53baee00,
0x000001de53bb7fc0, 0x000001de53d50b30, 0x000001de53d5ffb0, 0x000001de5405be80,
0x000001de554030c0, 0x000001de543bc1f0, 0x000001de55338100, 0x000001de554a2300,
0x000001de5545d940, 0x000001de5545b2c0, 0x000001de5545d470, 0x000001de5545c600,
0x000001de5545adf0, 0x000001de5545c130, 0x000001de5d058380, 0x000001de5d052ce0,
0x000001de5d0531b0, 0x000001de5ade0320, 0x000001de5ade24d0, 0x000001de5d147fe0,
0x000001de5d14a660, 0x000001de5d14b000, 0x000001de5d14be70, 0x000001de5d147b10,
0x000001de5d148980, 0x000001de5d149320, 0x000001de5b417d40, 0x000001de5b418210
}

Java Threads: ( => current thread )
  0x000001de34493360 JavaThread "main" [_thread_blocked, id=16608, stack(0x000000b099600000,0x000000b099700000)]
  0x000001de53b77020 JavaThread "Reference Handler" daemon [_thread_blocked, id=3448, stack(0x000000b099d00000,0x000000b099e00000)]
  0x000001de53b79ae0 JavaThread "Finalizer" daemon [_thread_blocked, id=15896, stack(0x000000b099e00000,0x000000b099f00000)]
  0x000001de53b96ea0 JavaThread "Signal Dispatcher" daemon [_thread_blocked, id=16808, stack(0x000000b099f00000,0x000000b09a000000)]
  0x000001de53b99d60 JavaThread "Attach Listener" daemon [_thread_blocked, id=18184, stack(0x000000b09a000000,0x000000b09a100000)]
  0x000001de53b9a810 JavaThread "Service Thread" daemon [_thread_blocked, id=12176, stack(0x000000b09a100000,0x000000b09a200000)]
  0x000001de53b9b5f0 JavaThread "C2 CompilerThread0" daemon [_thread_blocked, id=17484, stack(0x000000b09a200000,0x000000b09a300000)]
  0x000001de53baee00 JavaThread "C1 CompilerThread0" daemon [_thread_blocked, id=9976, stack(0x000000b09a300000,0x000000b09a400000)]
  0x000001de53bb7fc0 JavaThread "Sweeper thread" daemon [_thread_blocked, id=3496, stack(0x000000b09a400000,0x000000b09a500000)]
  0x000001de53d50b30 JavaThread "Notification Thread" daemon [_thread_blocked, id=6232, stack(0x000000b09a500000,0x000000b09a600000)]
  0x000001de53d5ffb0 JavaThread "Common-Cleaner" daemon [_thread_blocked, id=1744, stack(0x000000b09a700000,0x000000b09a800000)]
  0x000001de5405be80 JavaThread "JavaFX-Launcher" [_thread_blocked, id=7476, stack(0x000000b09aa00000,0x000000b09ab00000)]
  0x000001de554030c0 JavaThread "QuantumRenderer-0" daemon [_thread_blocked, id=17872, stack(0x000000b09a800000,0x000000b09a900000)]
  0x000001de543bc1f0 JavaThread "InvokeLaterDispatcher" daemon [_thread_blocked, id=7684, stack(0x000000b09a900000,0x000000b09aa00000)]
  0x000001de55338100 JavaThread "JavaFX Application Thread" [_thread_blocked, id=2944, stack(0x000000b09ab00000,0x000000b09ac00000)]
  0x000001de554a2300 JavaThread "Thread-2" daemon [_thread_blocked, id=15840, stack(0x000000b09b500000,0x000000b09b600000)]
  0x000001de5545d940 JavaThread "Prism Font Disposer" daemon [_thread_blocked, id=1980, stack(0x000000b09b900000,0x000000b09ba00000)]
  0x000001de5545b2c0 JavaThread "Java2D Disposer" daemon [_thread_blocked, id=14220, stack(0x000000b09ba00000,0x000000b09bb00000)]
  0x000001de5545d470 JavaThread "AWT-Shutdown" [_thread_blocked, id=9808, stack(0x000000b09bb00000,0x000000b09bc00000)]
  0x000001de5545c600 JavaThread "AWT-Windows" daemon [_thread_in_native, id=14252, stack(0x000000b09bc00000,0x000000b09bd00000)]
  0x000001de5545adf0 JavaThread "AWT-EventQueue-0" [_thread_blocked, id=1832, stack(0x000000b09be00000,0x000000b09bf00000)]
  0x000001de5545c130 JavaThread "SwingNode Disposer" daemon [_thread_blocked, id=1668, stack(0x000000b09c000000,0x000000b09c100000)]
  0x000001de5d058380 JavaThread "Cleaner-0" daemon [_thread_blocked, id=10288, stack(0x000000b09c900000,0x000000b09ca00000)]
  0x000001de5d052ce0 JavaThread "tile-pool-0" daemon [_thread_blocked, id=8844, stack(0x000000b09cb00000,0x000000b09cc00000)]
  0x000001de5d0531b0 JavaThread "tile-pool-1" daemon [_thread_blocked, id=10292, stack(0x000000b09cc00000,0x000000b09cd00000)]
  0x000001de5ade0320 JavaThread "tile-pool-2" daemon [_thread_blocked, id=16236, stack(0x000000b09cd00000,0x000000b09ce00000)]
  0x000001de5ade24d0 JavaThread "tile-pool-3" daemon [_thread_blocked, id=14524, stack(0x000000b09ce00000,0x000000b09cf00000)]
  0x000001de5d147fe0 JavaThread "Thread-8" [_thread_blocked, id=3132, stack(0x000000b099400000,0x000000b099500000)]
  0x000001de5d14a660 JavaThread "Thread-9" [_thread_blocked, id=8072, stack(0x000000b09d100000,0x000000b09d200000)]
  0x000001de5d14b000 JavaThread "Thread-10" [_thread_blocked, id=10848, stack(0x000000b09d200000,0x000000b09d300000)]
  0x000001de5d14be70 JavaThread "Thread-11" [_thread_blocked, id=12096, stack(0x000000b09d300000,0x000000b09d400000)]
  0x000001de5d147b10 JavaThread "Thread-12" [_thread_blocked, id=1328, stack(0x000000b09d400000,0x000000b09d500000)]
  0x000001de5d148980 JavaThread "Thread-13" [_thread_blocked, id=8292, stack(0x000000b09d500000,0x000000b09d600000)]
  0x000001de5d149320 JavaThread "Thread-14" [_thread_blocked, id=12416, stack(0x000000b09d600000,0x000000b09d700000)]
  0x000001de5b417d40 JavaThread "Thread-15" [_thread_blocked, id=9856, stack(0x000000b09d700000,0x000000b09d800000)]
  0x000001de5b418210 JavaThread "Thread-16" [_thread_blocked, id=12476, stack(0x000000b09d800000,0x000000b09d900000)]

Other Threads:
=>0x000001de53b41580 VMThread "VM Thread" [stack: 0x000000b099c00000,0x000000b099d00000] [id=13124]
  0x000001de53d51c20 WatcherThread [stack: 0x000000b09a600000,0x000000b09a700000] [id=14516]
  0x000001de344e5980 GCTaskThread "GC Thread#0" [stack: 0x000000b099700000,0x000000b099800000] [id=17940]
  0x000001de5418ed30 GCTaskThread "GC Thread#1" [stack: 0x000000b09ac00000,0x000000b09ad00000] [id=16824]
  0x000001de5418f060 GCTaskThread "GC Thread#2" [stack: 0x000000b09ad00000,0x000000b09ae00000] [id=13736]
  0x000001de541906b0 GCTaskThread "GC Thread#3" [stack: 0x000000b09ae00000,0x000000b09af00000] [id=9400]
  0x000001de5418e070 GCTaskThread "GC Thread#4" [stack: 0x000000b09af00000,0x000000b09b000000] [id=8936]
  0x000001de5418e6d0 GCTaskThread "GC Thread#5" [stack: 0x000000b09b000000,0x000000b09b100000] [id=3148]
  0x000001de5b781a90 GCTaskThread "GC Thread#6" [stack: 0x000000b09c400000,0x000000b09c500000] [id=14244]
  0x000001de5b780aa0 GCTaskThread "GC Thread#7" [stack: 0x000000b09c500000,0x000000b09c600000] [id=10284]
  0x000001de344f7170 ConcurrentGCThread "G1 Main Marker" [stack: 0x000000b099800000,0x000000b099900000] [id=15908]
  0x000001de344f8d70 ConcurrentGCThread "G1 Conc#0" [stack: 0x000000b099900000,0x000000b099a00000] [id=2936]
  0x000001de5b781760 ConcurrentGCThread "G1 Conc#1" [stack: 0x000000b09b800000,0x000000b09b900000] [id=13200]
  0x000001de3454e430 ConcurrentGCThread "G1 Refine#0" [stack: 0x000000b099a00000,0x000000b099b00000] [id=2964]
  0x000001de549f3b30 ConcurrentGCThread "G1 Refine#1" [stack: 0x000000b09b100000,0x000000b09b200000] [id=4320]
  0x000001de5c493810 ConcurrentGCThread "G1 Refine#2" [stack: 0x000000b09c700000,0x000000b09c800000] [id=12872]
  0x000001de5c494230 ConcurrentGCThread "G1 Refine#3" [stack: 0x000000b09ca00000,0x000000b09cb00000] [id=13900]
  0x000001de5c92e6c0 ConcurrentGCThread "G1 Refine#4" [stack: 0x000000b09c300000,0x000000b09c400000] [id=17092]
  0x000001de53162630 ConcurrentGCThread "G1 Young RemSet Sampling" [stack: 0x000000b099b00000,0x000000b099c00000] [id=15164]

Threads with active compile tasks:

VM state: at safepoint (normal execution)

VM Mutex/Monitor currently owned by a thread:  ([mutex/lock_event])
[0x000001de3447b0a0] Threads_lock - owner thread: 0x000001de53b41580
[0x000001de34479ea0] Heap_lock - owner thread: 0x000001de344f7170

Heap address: 0x0000000702800000, size: 4056 MB, Compressed Oops mode: Zero based, Oop shift amount: 3
CDS disabled.
Compressed class space mapped at: 0x0000000800000000-0x0000000840000000, size: 1073741824
Narrow klass base: 0x0000000800000000, Narrow klass shift: 0, Narrow klass range: 0x40000000

GC Precious Log:
 CPUs: 8 total, 8 available
 Memory: 16221M
 Large Page Support: Disabled
 NUMA Support: Disabled
 Compressed Oops: Enabled (Zero based)
 Heap Region Size: 2M
 Heap Min Capacity: 8M
 Heap Initial Capacity: 254M
 Heap Max Capacity: 4056M
 Pre-touch: Disabled
 Parallel Workers: 8
 Concurrent Workers: 2
 Concurrent Refinement Workers: 8
 Periodic GC: Disabled

Heap:
 garbage-first heap   total 419840K, used 245351K [0x0000000702800000, 0x0000000800000000)
  region size 2048K, 35 young (71680K), 1 survivors (2048K)
 Metaspace       used 49780K, capacity 50376K, committed 50972K, reserved 1093632K
  class space    used 5729K, capacity 5880K, committed 5996K, reserved 1048576K

Heap Regions: E=young(eden), S=young(survivor), O=old, HS=humongous(starts), HC=humongous(continues), CS=collection set, F=free, OA=open archive, CA=closed archive, TAMS=top-at-mark-start (previous, next)
|   0|0x0000000702800000, 0x0000000702a00000, 0x0000000702a00000|100%|HS|  |TAMS 0x0000000702a00000, 0x0000000702800000| Complete 
|   1|0x0000000702a00000, 0x0000000702c00000, 0x0000000702c00000|100%|HS|  |TAMS 0x0000000702c00000, 0x0000000702a00000| Complete 
|   2|0x0000000702c00000, 0x0000000702e00000, 0x0000000702e00000|100%| O|  |TAMS 0x0000000702e00000, 0x0000000702c00000| Updating 
|   3|0x0000000702e00000, 0x0000000702fffff8, 0x0000000703000000| 99%| O|  |TAMS 0x0000000702fffff8, 0x0000000702e00000| Updating 
|   4|0x0000000703000000, 0x0000000703200000, 0x0000000703200000|100%| O|  |TAMS 0x0000000703200000, 0x0000000703000000| Updating 
|   5|0x0000000703200000, 0x0000000703400000, 0x0000000703400000|100%| O|  |TAMS 0x0000000703400000, 0x0000000703200000| Updating 
|   6|0x0000000703400000, 0x00000007035c7200, 0x0000000703600000| 88%| O|  |TAMS 0x00000007035c7200, 0x0000000703400000| Updating 
|   7|0x0000000703600000, 0x0000000703800000, 0x0000000703800000|100%| O|  |TAMS 0x0000000703800000, 0x0000000703600000| Updating 
|   8|0x0000000703800000, 0x0000000703a00000, 0x0000000703a00000|100%| O|  |TAMS 0x0000000703a00000, 0x0000000703800000| Updating 
|   9|0x0000000703a00000, 0x0000000703c00000, 0x0000000703c00000|100%| O|  |TAMS 0x0000000703c00000, 0x0000000703a00000| Updating 
|  10|0x0000000703c00000, 0x0000000703e00000, 0x0000000703e00000|100%| O|  |TAMS 0x0000000703e00000, 0x0000000703c00000| Updating 
|  11|0x0000000703e00000, 0x0000000704000000, 0x0000000704000000|100%| O|  |TAMS 0x0000000704000000, 0x0000000703e00000| Updating 
|  12|0x0000000704000000, 0x0000000704200000, 0x0000000704200000|100%| O|  |TAMS 0x0000000704200000, 0x0000000704000000| Updating 
|  13|0x0000000704200000, 0x0000000704400000, 0x0000000704400000|100%| O|  |TAMS 0x0000000704400000, 0x0000000704200000| Updating 
|  14|0x0000000704400000, 0x0000000704600000, 0x0000000704600000|100%|HS|  |TAMS 0x0000000704600000, 0x0000000704400000| Complete 
|  15|0x0000000704600000, 0x0000000704800000, 0x0000000704800000|100%|HS|  |TAMS 0x0000000704800000, 0x0000000704600000| Complete 
|  16|0x0000000704800000, 0x0000000704a00000, 0x0000000704a00000|100%|HS|  |TAMS 0x0000000704a00000, 0x0000000704800000| Complete 
|  17|0x0000000704a00000, 0x0000000704c00000, 0x0000000704c00000|100%|HC|  |TAMS 0x0000000704c00000, 0x0000000704a00000| Complete 
|  18|0x0000000704c00000, 0x0000000704e00000, 0x0000000704e00000|100%| O|  |TAMS 0x0000000704e00000, 0x0000000704c00000| Updating 
|  19|0x0000000704e00000, 0x0000000705000000, 0x0000000705000000|100%| O|  |TAMS 0x0000000705000000, 0x0000000704e00000| Updating 
|  20|0x0000000705000000, 0x0000000705200000, 0x0000000705200000|100%| O|  |TAMS 0x0000000705200000, 0x0000000705000000| Updating 
|  21|0x0000000705200000, 0x0000000705400000, 0x0000000705400000|100%|HS|  |TAMS 0x0000000705400000, 0x0000000705200000| Complete 
|  22|0x0000000705400000, 0x0000000705600000, 0x0000000705600000|100%| O|  |TAMS 0x0000000705600000, 0x0000000705400000| Updating 
|  23|0x0000000705600000, 0x0000000705800000, 0x0000000705800000|100%| O|  |TAMS 0x0000000705800000, 0x0000000705600000| Updating 
|  24|0x0000000705800000, 0x0000000705a00000, 0x0000000705a00000|100%| O|  |TAMS 0x0000000705a00000, 0x0000000705800000| Updating 
|  25|0x0000000705a00000, 0x0000000705c00000, 0x0000000705c00000|100%| O|  |TAMS 0x0000000705c00000, 0x0000000705a00000| Updating 
|  26|0x0000000705c00000, 0x0000000705e00000, 0x0000000705e00000|100%| O|  |TAMS 0x0000000705e00000, 0x0000000705c00000| Updating 
|  27|0x0000000705e00000, 0x0000000706000000, 0x0000000706000000|100%| O|  |TAMS 0x0000000706000000, 0x0000000705e00000| Updating 
|  28|0x0000000706000000, 0x0000000706200000, 0x0000000706200000|100%| O|  |TAMS 0x0000000706200000, 0x0000000706000000| Updating 
|  29|0x0000000706200000, 0x0000000706400000, 0x0000000706400000|100%| O|  |TAMS 0x0000000706400000, 0x0000000706200000| Updating 
|  30|0x0000000706400000, 0x0000000706600000, 0x0000000706600000|100%| O|  |TAMS 0x0000000706600000, 0x0000000706400000| Updating 
|  31|0x0000000706600000, 0x0000000706800000, 0x0000000706800000|100%| O|  |TAMS 0x0000000706800000, 0x0000000706600000| Updating 
|  32|0x0000000706800000, 0x0000000706a00000, 0x0000000706a00000|100%| O|  |TAMS 0x0000000706a00000, 0x0000000706800000| Updating 
|  33|0x0000000706a00000, 0x0000000706c00000, 0x0000000706c00000|100%| O|  |TAMS 0x0000000706c00000, 0x0000000706a00000| Updating 
|  34|0x0000000706c00000, 0x0000000706e00000, 0x0000000706e00000|100%| O|  |TAMS 0x0000000706e00000, 0x0000000706c00000| Updating 
|  35|0x0000000706e00000, 0x0000000707000000, 0x0000000707000000|100%| O|  |TAMS 0x0000000707000000, 0x0000000706e00000| Updating 
|  36|0x0000000707000000, 0x0000000707200000, 0x0000000707200000|100%| O|  |TAMS 0x0000000707200000, 0x0000000707000000| Updating 
|  37|0x0000000707200000, 0x0000000707400000, 0x0000000707400000|100%| O|  |TAMS 0x0000000707400000, 0x0000000707200000| Updating 
|  38|0x0000000707400000, 0x0000000707600000, 0x0000000707600000|100%| O|  |TAMS 0x0000000707600000, 0x0000000707400000| Updating 
|  39|0x0000000707600000, 0x0000000707800000, 0x0000000707800000|100%| O|  |TAMS 0x0000000707800000, 0x0000000707600000| Updating 
|  40|0x0000000707800000, 0x0000000707a00000, 0x0000000707a00000|100%| O|  |TAMS 0x0000000707a00000, 0x0000000707800000| Updating 
|  41|0x0000000707a00000, 0x0000000707c00000, 0x0000000707c00000|100%| O|  |TAMS 0x0000000707c00000, 0x0000000707a00000| Updating 
|  42|0x0000000707c00000, 0x0000000707e00000, 0x0000000707e00000|100%| O|  |TAMS 0x0000000707e00000, 0x0000000707c00000| Updating 
|  43|0x0000000707e00000, 0x0000000708000000, 0x0000000708000000|100%| O|  |TAMS 0x0000000708000000, 0x0000000707e00000| Updating 
|  44|0x0000000708000000, 0x0000000708200000, 0x0000000708200000|100%| O|  |TAMS 0x0000000708200000, 0x0000000708000000| Updating 
|  45|0x0000000708200000, 0x0000000708400000, 0x0000000708400000|100%| O|  |TAMS 0x0000000708400000, 0x0000000708200000| Updating 
|  46|0x0000000708400000, 0x0000000708600000, 0x0000000708600000|100%| O|  |TAMS 0x0000000708600000, 0x0000000708400000| Updating 
|  47|0x0000000708600000, 0x0000000708800000, 0x0000000708800000|100%| O|  |TAMS 0x0000000708800000, 0x0000000708600000| Updating 
|  48|0x0000000708800000, 0x0000000708a00000, 0x0000000708a00000|100%| O|  |TAMS 0x0000000708a00000, 0x0000000708800000| Updating 
|  49|0x0000000708a00000, 0x0000000708c00000, 0x0000000708c00000|100%| O|  |TAMS 0x0000000708c00000, 0x0000000708a00000| Updating 
|  50|0x0000000708c00000, 0x0000000708e00000, 0x0000000708e00000|100%| O|  |TAMS 0x0000000708e00000, 0x0000000708c00000| Updating 
|  51|0x0000000708e00000, 0x0000000709000000, 0x0000000709000000|100%| O|  |TAMS 0x0000000709000000, 0x0000000708e00000| Updating 
|  52|0x0000000709000000, 0x0000000709200000, 0x0000000709200000|100%| O|  |TAMS 0x0000000709200000, 0x0000000709000000| Updating 
|  53|0x0000000709200000, 0x0000000709400000, 0x0000000709400000|100%| O|  |TAMS 0x0000000709400000, 0x0000000709200000| Updating 
|  54|0x0000000709400000, 0x0000000709600000, 0x0000000709600000|100%| O|  |TAMS 0x0000000709600000, 0x0000000709400000| Updating 
|  55|0x0000000709600000, 0x0000000709800000, 0x0000000709800000|100%| O|  |TAMS 0x0000000709800000, 0x0000000709600000| Updating 
|  56|0x0000000709800000, 0x0000000709a00000, 0x0000000709a00000|100%| O|  |TAMS 0x0000000709a00000, 0x0000000709800000| Updating 
|  57|0x0000000709a00000, 0x0000000709c00000, 0x0000000709c00000|100%| O|  |TAMS 0x0000000709c00000, 0x0000000709a00000| Updating 
|  58|0x0000000709c00000, 0x0000000709e00000, 0x0000000709e00000|100%| O|  |TAMS 0x0000000709e00000, 0x0000000709c00000| Updating 
|  59|0x0000000709e00000, 0x000000070a000000, 0x000000070a000000|100%| O|  |TAMS 0x000000070a000000, 0x0000000709e00000| Updating 
|  60|0x000000070a000000, 0x000000070a200000, 0x000000070a200000|100%| O|  |TAMS 0x000000070a200000, 0x000000070a000000| Updating 
|  61|0x000000070a200000, 0x000000070a400000, 0x000000070a400000|100%| O|  |TAMS 0x000000070a400000, 0x000000070a200000| Updating 
|  62|0x000000070a400000, 0x000000070a600000, 0x000000070a600000|100%| O|  |TAMS 0x000000070a600000, 0x000000070a400000| Updating 
|  63|0x000000070a600000, 0x000000070a800000, 0x000000070a800000|100%| O|  |TAMS 0x000000070a800000, 0x000000070a600000| Updating 
|  64|0x000000070a800000, 0x000000070aa00000, 0x000000070aa00000|100%| O|  |TAMS 0x000000070aa00000, 0x000000070a800000| Updating 
|  65|0x000000070aa00000, 0x000000070ac00000, 0x000000070ac00000|100%| O|  |TAMS 0x000000070ac00000, 0x000000070aa00000| Updating 
|  66|0x000000070ac00000, 0x000000070ae00000, 0x000000070ae00000|100%| O|  |TAMS 0x000000070ae00000, 0x000000070ac00000| Updating 
|  67|0x000000070ae00000, 0x000000070b000000, 0x000000070b000000|100%| O|  |TAMS 0x000000070b000000, 0x000000070ae00000| Updating 
|  68|0x000000070b000000, 0x000000070b200000, 0x000000070b200000|100%| O|  |TAMS 0x000000070b200000, 0x000000070b000000| Updating 
|  69|0x000000070b200000, 0x000000070b400000, 0x000000070b400000|100%| O|  |TAMS 0x000000070b400000, 0x000000070b200000| Updating 
|  70|0x000000070b400000, 0x000000070b600000, 0x000000070b600000|100%| O|  |TAMS 0x000000070b600000, 0x000000070b400000| Updating 
|  71|0x000000070b600000, 0x000000070b800000, 0x000000070b800000|100%| O|  |TAMS 0x000000070b800000, 0x000000070b600000| Updating 
|  72|0x000000070b800000, 0x000000070ba00000, 0x000000070ba00000|100%| O|  |TAMS 0x000000070ba00000, 0x000000070b800000| Updating 
|  73|0x000000070ba00000, 0x000000070bc00000, 0x000000070bc00000|100%| O|  |TAMS 0x000000070bc00000, 0x000000070ba00000| Updating 
|  74|0x000000070bc00000, 0x000000070be00000, 0x000000070be00000|100%| O|  |TAMS 0x000000070be00000, 0x000000070bc00000| Updating 
|  75|0x000000070be00000, 0x000000070be00000, 0x000000070c000000|  0%| F|  |TAMS 0x000000070be00000, 0x000000070be00000| Untracked 
|  76|0x000000070c000000, 0x000000070c200000, 0x000000070c200000|100%| O|  |TAMS 0x000000070c200000, 0x000000070c000000| Updating 
|  77|0x000000070c200000, 0x000000070c400000, 0x000000070c400000|100%| O|  |TAMS 0x000000070c400000, 0x000000070c200000| Updating 
|  78|0x000000070c400000, 0x000000070c400000, 0x000000070c600000|  0%| F|  |TAMS 0x000000070c400000, 0x000000070c400000| Untracked 
|  79|0x000000070c600000, 0x000000070c800000, 0x000000070c800000|100%| O|  |TAMS 0x000000070c800000, 0x000000070c600000| Updating 
|  80|0x000000070c800000, 0x000000070ca00000, 0x000000070ca00000|100%| O|  |TAMS 0x000000070ca00000, 0x000000070c800000| Updating 
|  81|0x000000070ca00000, 0x000000070cc00000, 0x000000070cc00000|100%| O|  |TAMS 0x000000070cc00000, 0x000000070ca00000| Updating 
|  82|0x000000070cc00000, 0x000000070cc00000, 0x000000070ce00000|  0%| F|  |TAMS 0x000000070cc00000, 0x000000070cc00000| Untracked 
|  83|0x000000070ce00000, 0x000000070d000000, 0x000000070d000000|100%| O|  |TAMS 0x000000070d000000, 0x000000070ce00000| Updating 
|  84|0x000000070d000000, 0x000000070d200000, 0x000000070d200000|100%| O|  |TAMS 0x000000070d200000, 0x000000070d000000| Updating 
|  85|0x000000070d200000, 0x000000070d400000, 0x000000070d400000|100%| O|  |TAMS 0x000000070d400000, 0x000000070d200000| Updating 
|  86|0x000000070d400000, 0x000000070d600000, 0x000000070d600000|100%| O|  |TAMS 0x000000070d600000, 0x000000070d400000| Updating 
|  87|0x000000070d600000, 0x000000070d800000, 0x000000070d800000|100%| O|  |TAMS 0x000000070d800000, 0x000000070d600000| Updating 
|  88|0x000000070d800000, 0x000000070da00000, 0x000000070da00000|100%| O|  |TAMS 0x000000070da00000, 0x000000070d800000| Updating 
|  89|0x000000070da00000, 0x000000070da01400, 0x000000070dc00000|  0%| O|  |TAMS 0x000000070da00a00, 0x000000070da00000| Updating 
|  90|0x000000070dc00000, 0x000000070dc00000, 0x000000070de00000|  0%| F|  |TAMS 0x000000070dc00000, 0x000000070dc00000| Untracked 
|  91|0x000000070de00000, 0x000000070de00000, 0x000000070e000000|  0%| F|  |TAMS 0x000000070de00000, 0x000000070de00000| Untracked 
|  92|0x000000070e000000, 0x000000070e000000, 0x000000070e200000|  0%| F|  |TAMS 0x000000070e000000, 0x000000070e000000| Untracked 
|  93|0x000000070e200000, 0x000000070e200000, 0x000000070e400000|  0%| F|  |TAMS 0x000000070e200000, 0x000000070e200000| Untracked 
|  94|0x000000070e400000, 0x000000070e400000, 0x000000070e600000|  0%| F|  |TAMS 0x000000070e400000, 0x000000070e400000| Untracked 
|  95|0x000000070e600000, 0x000000070e600000, 0x000000070e800000|  0%| F|  |TAMS 0x000000070e600000, 0x000000070e600000| Untracked 
|  96|0x000000070e800000, 0x000000070e800000, 0x000000070ea00000|  0%| F|  |TAMS 0x000000070e800000, 0x000000070e800000| Untracked 
|  97|0x000000070ea00000, 0x000000070ea00000, 0x000000070ec00000|  0%| F|  |TAMS 0x000000070ea00000, 0x000000070ea00000| Untracked 
|  98|0x000000070ec00000, 0x000000070ec00000, 0x000000070ee00000|  0%| F|  |TAMS 0x000000070ec00000, 0x000000070ec00000| Untracked 
|  99|0x000000070ee00000, 0x000000070ee00000, 0x000000070f000000|  0%| F|  |TAMS 0x000000070ee00000, 0x000000070ee00000| Untracked 
| 100|0x000000070f000000, 0x000000070f000000, 0x000000070f200000|  0%| F|  |TAMS 0x000000070f000000, 0x000000070f000000| Untracked 
| 101|0x000000070f200000, 0x000000070f200000, 0x000000070f400000|  0%| F|  |TAMS 0x000000070f200000, 0x000000070f200000| Untracked 
| 102|0x000000070f400000, 0x000000070f400000, 0x000000070f600000|  0%| F|  |TAMS 0x000000070f400000, 0x000000070f400000| Untracked 
| 103|0x000000070f600000, 0x000000070f600000, 0x000000070f800000|  0%| F|  |TAMS 0x000000070f600000, 0x000000070f600000| Untracked 
| 104|0x000000070f800000, 0x000000070f800000, 0x000000070fa00000|  0%| F|  |TAMS 0x000000070f800000, 0x000000070f800000| Untracked 
| 105|0x000000070fa00000, 0x000000070fa00000, 0x000000070fc00000|  0%| F|  |TAMS 0x000000070fa00000, 0x000000070fa00000| Untracked 
| 106|0x000000070fc00000, 0x000000070fc00000, 0x000000070fe00000|  0%| F|  |TAMS 0x000000070fc00000, 0x000000070fc00000| Untracked 
| 107|0x000000070fe00000, 0x000000070fe00000, 0x0000000710000000|  0%| F|  |TAMS 0x000000070fe00000, 0x000000070fe00000| Untracked 
| 108|0x0000000710000000, 0x0000000710000000, 0x0000000710200000|  0%| F|  |TAMS 0x0000000710000000, 0x0000000710000000| Untracked 
| 109|0x0000000710200000, 0x0000000710200000, 0x0000000710400000|  0%| F|  |TAMS 0x0000000710200000, 0x0000000710200000| Untracked 
| 110|0x0000000710400000, 0x0000000710400000, 0x0000000710600000|  0%| F|  |TAMS 0x0000000710400000, 0x0000000710400000| Untracked 
| 111|0x0000000710600000, 0x0000000710600000, 0x0000000710800000|  0%| F|  |TAMS 0x0000000710600000, 0x0000000710600000| Untracked 
| 112|0x0000000710800000, 0x00000007109d1708, 0x0000000710a00000| 90%| S|CS|TAMS 0x0000000710800000, 0x0000000710800000| Complete 
| 113|0x0000000710a00000, 0x0000000710a00000, 0x0000000710c00000|  0%| F|  |TAMS 0x0000000710a00000, 0x0000000710a00000| Untracked 
| 114|0x0000000710c00000, 0x0000000710c00000, 0x0000000710e00000|  0%| F|  |TAMS 0x0000000710c00000, 0x0000000710c00000| Untracked 
| 115|0x0000000710e00000, 0x0000000710e00000, 0x0000000711000000|  0%| F|  |TAMS 0x0000000710e00000, 0x0000000710e00000| Untracked 
| 116|0x0000000711000000, 0x0000000711000000, 0x0000000711200000|  0%| F|  |TAMS 0x0000000711000000, 0x0000000711000000| Untracked 
| 117|0x0000000711200000, 0x0000000711200000, 0x0000000711400000|  0%| F|  |TAMS 0x0000000711200000, 0x0000000711200000| Untracked 
| 118|0x0000000711400000, 0x0000000711400000, 0x0000000711600000|  0%| F|  |TAMS 0x0000000711400000, 0x0000000711400000| Untracked 
| 119|0x0000000711600000, 0x0000000711600000, 0x0000000711800000|  0%| F|  |TAMS 0x0000000711600000, 0x0000000711600000| Untracked 
| 120|0x0000000711800000, 0x0000000711800000, 0x0000000711a00000|  0%| F|  |TAMS 0x0000000711800000, 0x0000000711800000| Untracked 
| 121|0x0000000711a00000, 0x0000000711a00000, 0x0000000711c00000|  0%| F|  |TAMS 0x0000000711a00000, 0x0000000711a00000| Untracked 
| 122|0x0000000711c00000, 0x0000000711c00000, 0x0000000711e00000|  0%| F|  |TAMS 0x0000000711c00000, 0x0000000711c00000| Untracked 
| 123|0x0000000711e00000, 0x0000000711e00000, 0x0000000712000000|  0%| F|  |TAMS 0x0000000711e00000, 0x0000000711e00000| Untracked 
| 124|0x0000000712000000, 0x0000000712000000, 0x0000000712200000|  0%| F|  |TAMS 0x0000000712000000, 0x0000000712000000| Untracked 
| 125|0x0000000712200000, 0x0000000712200000, 0x0000000712400000|  0%| F|  |TAMS 0x0000000712200000, 0x0000000712200000| Untracked 
| 126|0x0000000712400000, 0x0000000712400000, 0x0000000712600000|  0%| F|  |TAMS 0x0000000712400000, 0x0000000712400000| Untracked 
| 127|0x0000000712600000, 0x0000000712600000, 0x0000000712800000|  0%| F|  |TAMS 0x0000000712600000, 0x0000000712600000| Untracked 
| 128|0x0000000712800000, 0x0000000712800000, 0x0000000712a00000|  0%| F|  |TAMS 0x0000000712800000, 0x0000000712800000| Untracked 
| 129|0x0000000712a00000, 0x0000000712a00000, 0x0000000712c00000|  0%| F|  |TAMS 0x0000000712a00000, 0x0000000712a00000| Untracked 
| 130|0x0000000712c00000, 0x0000000712c00000, 0x0000000712e00000|  0%| F|  |TAMS 0x0000000712c00000, 0x0000000712c00000| Untracked 
| 131|0x0000000712e00000, 0x0000000712e00000, 0x0000000713000000|  0%| F|  |TAMS 0x0000000712e00000, 0x0000000712e00000| Untracked 
| 132|0x0000000713000000, 0x0000000713000000, 0x0000000713200000|  0%| F|  |TAMS 0x0000000713000000, 0x0000000713000000| Untracked 
| 133|0x0000000713200000, 0x0000000713200000, 0x0000000713400000|  0%| F|  |TAMS 0x0000000713200000, 0x0000000713200000| Untracked 
| 134|0x0000000713400000, 0x0000000713400000, 0x0000000713600000|  0%| F|  |TAMS 0x0000000713400000, 0x0000000713400000| Untracked 
| 135|0x0000000713600000, 0x0000000713600000, 0x0000000713800000|  0%| F|  |TAMS 0x0000000713600000, 0x0000000713600000| Untracked 
| 136|0x0000000713800000, 0x0000000713800000, 0x0000000713a00000|  0%| F|  |TAMS 0x0000000713800000, 0x0000000713800000| Untracked 
| 137|0x0000000713a00000, 0x0000000713a00000, 0x0000000713c00000|  0%| F|  |TAMS 0x0000000713a00000, 0x0000000713a00000| Untracked 
| 138|0x0000000713c00000, 0x0000000713c00000, 0x0000000713e00000|  0%| F|  |TAMS 0x0000000713c00000, 0x0000000713c00000| Untracked 
| 139|0x0000000713e00000, 0x0000000713e00000, 0x0000000714000000|  0%| F|  |TAMS 0x0000000713e00000, 0x0000000713e00000| Untracked 
| 140|0x0000000714000000, 0x0000000714000000, 0x0000000714200000|  0%| F|  |TAMS 0x0000000714000000, 0x0000000714000000| Untracked 
| 141|0x0000000714200000, 0x0000000714200000, 0x0000000714400000|  0%| F|  |TAMS 0x0000000714200000, 0x0000000714200000| Untracked 
| 142|0x0000000714400000, 0x0000000714400000, 0x0000000714600000|  0%| F|  |TAMS 0x0000000714400000, 0x0000000714400000| Untracked 
| 143|0x0000000714600000, 0x0000000714600000, 0x0000000714800000|  0%| F|  |TAMS 0x0000000714600000, 0x0000000714600000| Untracked 
| 144|0x0000000714800000, 0x0000000714800000, 0x0000000714a00000|  0%| F|  |TAMS 0x0000000714800000, 0x0000000714800000| Untracked 
| 145|0x0000000714a00000, 0x0000000714a00000, 0x0000000714c00000|  0%| F|  |TAMS 0x0000000714a00000, 0x0000000714a00000| Untracked 
| 146|0x0000000714c00000, 0x0000000714c00000, 0x0000000714e00000|  0%| F|  |TAMS 0x0000000714c00000, 0x0000000714c00000| Untracked 
| 147|0x0000000714e00000, 0x0000000714e00000, 0x0000000715000000|  0%| F|  |TAMS 0x0000000714e00000, 0x0000000714e00000| Untracked 
| 148|0x0000000715000000, 0x0000000715000000, 0x0000000715200000|  0%| F|  |TAMS 0x0000000715000000, 0x0000000715000000| Untracked 
| 149|0x0000000715200000, 0x0000000715200000, 0x0000000715400000|  0%| F|  |TAMS 0x0000000715200000, 0x0000000715200000| Untracked 
| 150|0x0000000715400000, 0x0000000715400000, 0x0000000715600000|  0%| F|  |TAMS 0x0000000715400000, 0x0000000715400000| Untracked 
| 151|0x0000000715600000, 0x0000000715600000, 0x0000000715800000|  0%| F|  |TAMS 0x0000000715600000, 0x0000000715600000| Untracked 
| 152|0x0000000715800000, 0x0000000715800000, 0x0000000715a00000|  0%| F|  |TAMS 0x0000000715800000, 0x0000000715800000| Untracked 
| 153|0x0000000715a00000, 0x0000000715a00000, 0x0000000715c00000|  0%| F|  |TAMS 0x0000000715a00000, 0x0000000715a00000| Untracked 
| 154|0x0000000715c00000, 0x0000000715c00000, 0x0000000715e00000|  0%| F|  |TAMS 0x0000000715c00000, 0x0000000715c00000| Untracked 
| 155|0x0000000715e00000, 0x0000000715e00000, 0x0000000716000000|  0%| F|  |TAMS 0x0000000715e00000, 0x0000000715e00000| Untracked 
| 156|0x0000000716000000, 0x0000000716000000, 0x0000000716200000|  0%| F|  |TAMS 0x0000000716000000, 0x0000000716000000| Untracked 
| 157|0x0000000716200000, 0x0000000716200000, 0x0000000716400000|  0%| F|  |TAMS 0x0000000716200000, 0x0000000716200000| Untracked 
| 158|0x0000000716400000, 0x0000000716400000, 0x0000000716600000|  0%| F|  |TAMS 0x0000000716400000, 0x0000000716400000| Untracked 
| 159|0x0000000716600000, 0x0000000716600000, 0x0000000716800000|  0%| F|  |TAMS 0x0000000716600000, 0x0000000716600000| Untracked 
| 160|0x0000000716800000, 0x0000000716800000, 0x0000000716a00000|  0%| F|  |TAMS 0x0000000716800000, 0x0000000716800000| Untracked 
| 161|0x0000000716a00000, 0x0000000716a00000, 0x0000000716c00000|  0%| F|  |TAMS 0x0000000716a00000, 0x0000000716a00000| Untracked 
| 162|0x0000000716c00000, 0x0000000716c00000, 0x0000000716e00000|  0%| F|  |TAMS 0x0000000716c00000, 0x0000000716c00000| Untracked 
| 163|0x0000000716e00000, 0x0000000716e00000, 0x0000000717000000|  0%| F|  |TAMS 0x0000000716e00000, 0x0000000716e00000| Untracked 
| 164|0x0000000717000000, 0x0000000717000000, 0x0000000717200000|  0%| F|  |TAMS 0x0000000717000000, 0x0000000717000000| Untracked 
| 165|0x0000000717200000, 0x0000000717200000, 0x0000000717400000|  0%| F|  |TAMS 0x0000000717200000, 0x0000000717200000| Untracked 
| 166|0x0000000717400000, 0x0000000717400000, 0x0000000717600000|  0%| F|  |TAMS 0x0000000717400000, 0x0000000717400000| Untracked 
| 167|0x0000000717600000, 0x00000007177d2720, 0x0000000717800000| 91%| E|  |TAMS 0x0000000717600000, 0x0000000717600000| Complete 
| 168|0x0000000717800000, 0x00000007179fdcd8, 0x0000000717a00000| 99%| E|  |TAMS 0x0000000717800000, 0x0000000717800000| Complete 
| 169|0x0000000717a00000, 0x0000000717c00000, 0x0000000717c00000|100%| E|CS|TAMS 0x0000000717a00000, 0x0000000717a00000| Complete 
| 170|0x0000000717c00000, 0x0000000717e00000, 0x0000000717e00000|100%| E|CS|TAMS 0x0000000717c00000, 0x0000000717c00000| Complete 
| 171|0x0000000717e00000, 0x0000000718000000, 0x0000000718000000|100%| E|CS|TAMS 0x0000000717e00000, 0x0000000717e00000| Complete 
| 172|0x0000000718000000, 0x0000000718200000, 0x0000000718200000|100%| E|CS|TAMS 0x0000000718000000, 0x0000000718000000| Complete 
| 173|0x0000000718200000, 0x0000000718400000, 0x0000000718400000|100%| E|CS|TAMS 0x0000000718200000, 0x0000000718200000| Complete 
| 174|0x0000000718400000, 0x0000000718600000, 0x0000000718600000|100%| E|CS|TAMS 0x0000000718400000, 0x0000000718400000| Complete 
| 175|0x0000000718600000, 0x0000000718800000, 0x0000000718800000|100%| E|CS|TAMS 0x0000000718600000, 0x0000000718600000| Complete 
| 176|0x0000000718800000, 0x0000000718a00000, 0x0000000718a00000|100%| E|CS|TAMS 0x0000000718800000, 0x0000000718800000| Complete 
| 177|0x0000000718a00000, 0x0000000718c00000, 0x0000000718c00000|100%| E|CS|TAMS 0x0000000718a00000, 0x0000000718a00000| Complete 
| 178|0x0000000718c00000, 0x0000000718e00000, 0x0000000718e00000|100%| E|CS|TAMS 0x0000000718c00000, 0x0000000718c00000| Complete 
| 179|0x0000000718e00000, 0x0000000719000000, 0x0000000719000000|100%| E|CS|TAMS 0x0000000718e00000, 0x0000000718e00000| Complete 
| 180|0x0000000719000000, 0x0000000719200000, 0x0000000719200000|100%| E|CS|TAMS 0x0000000719000000, 0x0000000719000000| Complete 
| 181|0x0000000719200000, 0x0000000719400000, 0x0000000719400000|100%| E|CS|TAMS 0x0000000719200000, 0x0000000719200000| Complete 
| 182|0x0000000719400000, 0x0000000719600000, 0x0000000719600000|100%| E|CS|TAMS 0x0000000719400000, 0x0000000719400000| Complete 
| 183|0x0000000719600000, 0x0000000719800000, 0x0000000719800000|100%| E|CS|TAMS 0x0000000719600000, 0x0000000719600000| Complete 
| 184|0x0000000719800000, 0x0000000719a00000, 0x0000000719a00000|100%| E|CS|TAMS 0x0000000719800000, 0x0000000719800000| Complete 
| 185|0x0000000719a00000, 0x0000000719c00000, 0x0000000719c00000|100%| E|CS|TAMS 0x0000000719a00000, 0x0000000719a00000| Complete 
| 186|0x0000000719c00000, 0x0000000719e00000, 0x0000000719e00000|100%| E|CS|TAMS 0x0000000719c00000, 0x0000000719c00000| Complete 
| 187|0x0000000719e00000, 0x000000071a000000, 0x000000071a000000|100%| E|CS|TAMS 0x0000000719e00000, 0x0000000719e00000| Complete 
| 188|0x000000071a000000, 0x000000071a200000, 0x000000071a200000|100%| E|CS|TAMS 0x000000071a000000, 0x000000071a000000| Complete 
| 189|0x000000071a200000, 0x000000071a400000, 0x000000071a400000|100%| E|CS|TAMS 0x000000071a200000, 0x000000071a200000| Complete 
| 190|0x000000071a400000, 0x000000071a600000, 0x000000071a600000|100%| E|CS|TAMS 0x000000071a400000, 0x000000071a400000| Complete 
| 191|0x000000071a600000, 0x000000071a800000, 0x000000071a800000|100%| E|CS|TAMS 0x000000071a600000, 0x000000071a600000| Complete 
| 192|0x000000071a800000, 0x000000071aa00000, 0x000000071aa00000|100%| E|CS|TAMS 0x000000071a800000, 0x000000071a800000| Complete 
| 193|0x000000071aa00000, 0x000000071ac00000, 0x000000071ac00000|100%| E|CS|TAMS 0x000000071aa00000, 0x000000071aa00000| Complete 
| 194|0x000000071ac00000, 0x000000071ae00000, 0x000000071ae00000|100%| E|CS|TAMS 0x000000071ac00000, 0x000000071ac00000| Complete 
| 195|0x000000071ae00000, 0x000000071b000000, 0x000000071b000000|100%| E|CS|TAMS 0x000000071ae00000, 0x000000071ae00000| Complete 
| 196|0x000000071b000000, 0x000000071b200000, 0x000000071b200000|100%| E|CS|TAMS 0x000000071b000000, 0x000000071b000000| Complete 
| 197|0x000000071b200000, 0x000000071b400000, 0x000000071b400000|100%| E|CS|TAMS 0x000000071b200000, 0x000000071b200000| Complete 
| 198|0x000000071b400000, 0x000000071b600000, 0x000000071b600000|100%| E|CS|TAMS 0x000000071b400000, 0x000000071b400000| Complete 
| 199|0x000000071b600000, 0x000000071b800000, 0x000000071b800000|100%| E|CS|TAMS 0x000000071b600000, 0x000000071b600000| Complete 
| 200|0x000000071b800000, 0x000000071ba00000, 0x000000071ba00000|100%| E|CS|TAMS 0x000000071b800000, 0x000000071b800000| Complete 
|2027|0x00000007ffe00000, 0x0000000800000000, 0x0000000800000000|100%| O|  |TAMS 0x0000000800000000, 0x00000007ffe00000| Updating 

Card table byte_map: [0x000001de479c0000,0x000001de481b0000] _byte_map_base: 0x000001de441ac000

Marking Bits (Prev, Next): (CMBitMap*) 0x000001de344e6230, (CMBitMap*) 0x000001de344e61f0
 Prev Bits: [0x000001de4c900000, 0x000001de50860000)
 Next Bits: [0x000001de489a0000, 0x000001de4c900000)

Polling page: 0x000001de33c50000

Metaspace:

Usage:
  Non-class:     43.45 MB capacity,    43.02 MB ( 99%) used,   376.37 KB ( <1%) free+waste,    68.81 KB ( <1%) overhead. 
      Class:      5.74 MB capacity,     5.60 MB ( 97%) used,   125.27 KB (  2%) free+waste,    25.00 KB ( <1%) overhead. 
       Both:     49.20 MB capacity,    48.61 MB ( 99%) used,   501.63 KB ( <1%) free+waste,    93.81 KB ( <1%) overhead. 

Virtual space:
  Non-class space:       44.00 MB reserved,      43.92 MB (>99%) committed 
      Class space:        1.00 GB reserved,       5.86 MB ( <1%) committed 
             Both:        1.04 GB reserved,      49.78 MB (  5%) committed 

Chunk freelists:
   Non-Class:  288.00 KB
       Class:  74.00 KB
        Both:  362.00 KB

MaxMetaspaceSize: 17179869184.00 GB
CompressedClassSpaceSize: 1.00 GB

CodeHeap 'non-profiled nmethods': size=120000Kb used=10901Kb max_used=10901Kb free=109098Kb
 bounds [0x000001de3f960000, 0x000001de40420000, 0x000001de46e90000]
CodeHeap 'profiled nmethods': size=120000Kb used=15012Kb max_used=18415Kb free=104987Kb
 bounds [0x000001de38430000, 0x000001de396e0000, 0x000001de3f960000]
CodeHeap 'non-nmethods': size=5760Kb used=1624Kb max_used=1749Kb free=4135Kb
 bounds [0x000001de37e90000, 0x000001de38100000, 0x000001de38430000]
 total_blobs=9855 nmethods=8853 adapters=913
 compilation: enabled
              stopped_count=0, restarted_count=0
 full_count=0

Compilation events (20 events):
Event: 10520.924 Thread 0x000001de53b9b5f0 11939   !   4       com.sun.scenario.effect.impl.prism.PrEffectHelper::render (625 bytes)
Event: 10521.210 Thread 0x000001de53b9b5f0 nmethod 11939 0x000001de40404b90 code [0x000001de40405360, 0x000001de40411700]
Event: 10617.990 Thread 0x000001de53baee00 11940       3       org.bouncycastle.math.ec.WNafUtil::getWindowSize (36 bytes)
Event: 10617.991 Thread 0x000001de53baee00 nmethod 11940 0x000001de38eae210 code [0x000001de38eae3c0, 0x000001de38eae6f8]
Event: 10669.637 Thread 0x000001de53b9b5f0 11941       4       sun.util.calendar.Gregorian$Date::getNormalizedYear (5 bytes)
Event: 10669.637 Thread 0x000001de53b9b5f0 nmethod 11941 0x000001de4001ec90 code [0x000001de4001ee00, 0x000001de4001ee58]
Event: 10720.916 Thread 0x000001de53b9b5f0 11942       4       javafx.scene.control.SkinBase::snappedBottomInset (8 bytes)
Event: 10720.918 Thread 0x000001de53b9b5f0 nmethod 11942 0x000001de4001e510 code [0x000001de4001e6e0, 0x000001de4001e9b8]
Event: 10737.256 Thread 0x000001de53b9b5f0 11943       4       java.nio.ByteBuffer::order (48 bytes)
Event: 10737.256 Thread 0x000001de53b9b5f0 nmethod 11943 0x000001de4001e210 code [0x000001de4001e380, 0x000001de4001e418]
Event: 10844.199 Thread 0x000001de53baee00 11944       3       org.bouncycastle.jcajce.provider.asymmetric.util.PKCS12BagAttributeCarrierImpl::<init> (19 bytes)
Event: 10844.199 Thread 0x000001de53baee00 nmethod 11944 0x000001de3874a610 code [0x000001de3874a820, 0x000001de3874ad38]
Event: 10844.199 Thread 0x000001de53baee00 11945       3       org.bouncycastle.jcajce.provider.asymmetric.util.PKCS12BagAttributeCarrierImpl::<init> (15 bytes)
Event: 10844.199 Thread 0x000001de53baee00 nmethod 11945 0x000001de3880ae10 code [0x000001de3880afc0, 0x000001de3880b1d8]
Event: 10844.199 Thread 0x000001de53baee00 11946       3       org.bouncycastle.crypto.params.ECPrivateKeyParameters::<init> (16 bytes)
Event: 10844.200 Thread 0x000001de53baee00 nmethod 11946 0x000001de3881d410 code [0x000001de3881d5e0, 0x000001de3881dab8]
Event: 10844.200 Thread 0x000001de53baee00 11947       3       org.bouncycastle.math.ec.AbstractECMultiplier::checkResult (5 bytes)
Event: 10844.200 Thread 0x000001de53baee00 nmethod 11947 0x000001de38537e10 code [0x000001de38537fe0, 0x000001de385383f8]
Event: 10844.200 Thread 0x000001de53baee00 11948       3       org.bouncycastle.math.ec.custom.sec.SecP256R1Curve::randomFieldElementMult (18 bytes)
Event: 10844.200 Thread 0x000001de53baee00 nmethod 11948 0x000001de3885b290 code [0x000001de3885b480, 0x000001de3885ba58]

GC Heap History (20 events):
Event: 10872.682 GC heap before
{Heap before GC invocations=10105 (full 0):
 garbage-first heap   total 413696K, used 362238K [0x0000000702800000, 0x0000000800000000)
  region size 2048K, 89 young (182272K), 2 survivors (4096K)
 Metaspace       used 49780K, capacity 50376K, committed 50972K, reserved 1093632K
  class space    used 5729K, capacity 5880K, committed 5996K, reserved 1048576K
}
Event: 10872.683 GC heap after
{Heap after GC invocations=10106 (full 0):
 garbage-first heap   total 413696K, used 185794K [0x0000000702800000, 0x0000000800000000)
  region size 2048K, 1 young (2048K), 1 survivors (2048K)
 Metaspace       used 49780K, capacity 50376K, committed 50972K, reserved 1093632K
  class space    used 5729K, capacity 5880K, committed 5996K, reserved 1048576K
}
Event: 10874.350 GC heap before
{Heap before GC invocations=10106 (full 0):
 garbage-first heap   total 413696K, used 368066K [0x0000000702800000, 0x0000000800000000)
  region size 2048K, 90 young (184320K), 1 survivors (2048K)
 Metaspace       used 49780K, capacity 50376K, committed 50972K, reserved 1093632K
  class space    used 5729K, capacity 5880K, committed 5996K, reserved 1048576K
}
Event: 10874.351 GC heap after
{Heap after GC invocations=10107 (full 0):
 garbage-first heap   total 413696K, used 185813K [0x0000000702800000, 0x0000000800000000)
  region size 2048K, 1 young (2048K), 1 survivors (2048K)
 Metaspace       used 49780K, capacity 50376K, committed 50972K, reserved 1093632K
  class space    used 5729K, capacity 5880K, committed 5996K, reserved 1048576K
}
Event: 10876.340 GC heap before
{Heap before GC invocations=10107 (full 0):
 garbage-first heap   total 413696K, used 368085K [0x0000000702800000, 0x0000000800000000)
  region size 2048K, 90 young (184320K), 1 survivors (2048K)
 Metaspace       used 49780K, capacity 50376K, committed 50972K, reserved 1093632K
  class space    used 5729K, capacity 5880K, committed 5996K, reserved 1048576K
}
Event: 10876.341 GC heap after
{Heap after GC invocations=10108 (full 0):
 garbage-first heap   total 413696K, used 185993K [0x0000000702800000, 0x0000000800000000)
  region size 2048K, 1 young (2048K), 1 survivors (2048K)
 Metaspace       used 49780K, capacity 50376K, committed 50972K, reserved 1093632K
  class space    used 5729K, capacity 5880K, committed 5996K, reserved 1048576K
}
Event: 10878.021 GC heap before
{Heap before GC invocations=10108 (full 0):
 garbage-first heap   total 413696K, used 368265K [0x0000000702800000, 0x0000000800000000)
  region size 2048K, 90 young (184320K), 1 survivors (2048K)
 Metaspace       used 49780K, capacity 50376K, committed 50972K, reserved 1093632K
  class space    used 5729K, capacity 5880K, committed 5996K, reserved 1048576K
}
Event: 10878.023 GC heap after
{Heap after GC invocations=10109 (full 0):
 garbage-first heap   total 413696K, used 185834K [0x0000000702800000, 0x0000000800000000)
  region size 2048K, 1 young (2048K), 1 survivors (2048K)
 Metaspace       used 49780K, capacity 50376K, committed 50972K, reserved 1093632K
  class space    used 5729K, capacity 5880K, committed 5996K, reserved 1048576K
}
Event: 10879.927 GC heap before
{Heap before GC invocations=10109 (full 0):
 garbage-first heap   total 413696K, used 368106K [0x0000000702800000, 0x0000000800000000)
  region size 2048K, 90 young (184320K), 1 survivors (2048K)
 Metaspace       used 49780K, capacity 50376K, committed 50972K, reserved 1093632K
  class space    used 5729K, capacity 5880K, committed 5996K, reserved 1048576K
}
Event: 10879.929 GC heap after
{Heap after GC invocations=10110 (full 0):
 garbage-first heap   total 413696K, used 185835K [0x0000000702800000, 0x0000000800000000)
  region size 2048K, 1 young (2048K), 1 survivors (2048K)
 Metaspace       used 49780K, capacity 50376K, committed 50972K, reserved 1093632K
  class space    used 5729K, capacity 5880K, committed 5996K, reserved 1048576K
}
Event: 10881.683 GC heap before
{Heap before GC invocations=10110 (full 0):
 garbage-first heap   total 413696K, used 368107K [0x0000000702800000, 0x0000000800000000)
  region size 2048K, 90 young (184320K), 1 survivors (2048K)
 Metaspace       used 49780K, capacity 50376K, committed 50972K, reserved 1093632K
  class space    used 5729K, capacity 5880K, committed 5996K, reserved 1048576K
}
Event: 10881.684 GC heap after
{Heap after GC invocations=10111 (full 0):
 garbage-first heap   total 413696K, used 185815K [0x0000000702800000, 0x0000000800000000)
  region size 2048K, 1 young (2048K), 1 survivors (2048K)
 Metaspace       used 49780K, capacity 50376K, committed 50972K, reserved 1093632K
  class space    used 5729K, capacity 5880K, committed 5996K, reserved 1048576K
}
Event: 10883.625 GC heap before
{Heap before GC invocations=10111 (full 0):
 garbage-first heap   total 413696K, used 368087K [0x0000000702800000, 0x0000000800000000)
  region size 2048K, 90 young (184320K), 1 survivors (2048K)
 Metaspace       used 49780K, capacity 50376K, committed 50972K, reserved 1093632K
  class space    used 5729K, capacity 5880K, committed 5996K, reserved 1048576K
}
Event: 10883.627 GC heap after
{Heap after GC invocations=10112 (full 0):
 garbage-first heap   total 413696K, used 185857K [0x0000000702800000, 0x0000000800000000)
  region size 2048K, 1 young (2048K), 1 survivors (2048K)
 Metaspace       used 49780K, capacity 50376K, committed 50972K, reserved 1093632K
  class space    used 5729K, capacity 5880K, committed 5996K, reserved 1048576K
}
Event: 10885.548 GC heap before
{Heap before GC invocations=10112 (full 0):
 garbage-first heap   total 413696K, used 366081K [0x0000000702800000, 0x0000000800000000)
  region size 2048K, 90 young (184320K), 1 survivors (2048K)
 Metaspace       used 49780K, capacity 50376K, committed 50972K, reserved 1093632K
  class space    used 5729K, capacity 5880K, committed 5996K, reserved 1048576K
}
Event: 10885.550 GC heap after
{Heap after GC invocations=10113 (full 0):
 garbage-first heap   total 413696K, used 186001K [0x0000000702800000, 0x0000000800000000)
  region size 2048K, 1 young (2048K), 1 survivors (2048K)
 Metaspace       used 49780K, capacity 50376K, committed 50972K, reserved 1093632K
  class space    used 5729K, capacity 5880K, committed 5996K, reserved 1048576K
}
Event: 10885.698 GC heap before
{Heap before GC invocations=10113 (full 0):
 garbage-first heap   total 413696K, used 366225K [0x0000000702800000, 0x0000000800000000)
  region size 2048K, 90 young (184320K), 1 survivors (2048K)
 Metaspace       used 49780K, capacity 50376K, committed 50972K, reserved 1093632K
  class space    used 5729K, capacity 5880K, committed 5996K, reserved 1048576K
}
Event: 10885.699 GC heap after
{Heap after GC invocations=10114 (full 0):
 garbage-first heap   total 413696K, used 186093K [0x0000000702800000, 0x0000000800000000)
  region size 2048K, 1 young (2048K), 1 survivors (2048K)
 Metaspace       used 49780K, capacity 50376K, committed 50972K, reserved 1093632K
  class space    used 5729K, capacity 5880K, committed 5996K, reserved 1048576K
}
Event: 10885.854 GC heap before
{Heap before GC invocations=10114 (full 0):
 garbage-first heap   total 413696K, used 364269K [0x0000000702800000, 0x0000000800000000)
  region size 2048K, 89 young (182272K), 1 survivors (2048K)
 Metaspace       used 49780K, capacity 50376K, committed 50972K, reserved 1093632K
  class space    used 5729K, capacity 5880K, committed 5996K, reserved 1048576K
}
Event: 10885.855 GC heap after
{Heap after GC invocations=10115 (full 0):
 garbage-first heap   total 413696K, used 185959K [0x0000000702800000, 0x0000000800000000)
  region size 2048K, 1 young (2048K), 1 survivors (2048K)
 Metaspace       used 49780K, capacity 50376K, committed 50972K, reserved 1093632K
  class space    used 5729K, capacity 5880K, committed 5996K, reserved 1048576K
}

Deoptimization events (20 events):
Event: 8130.072 Thread 0x000001de55338100 Uncommon trap: trap_request=0xffffffde fr.pc=0x000001de3feff344 relative=0x00000000000001a4
Event: 8130.072 Thread 0x000001de55338100 Uncommon trap: reason=class_check action=maybe_recompile pc=0x000001de3feff344 method=java.lang.reflect.Array.newInstance(Ljava/lang/Class;I)Ljava/lang/Object; @ 2 c2
Event: 8130.072 Thread 0x000001de55338100 DEOPT PACKING pc=0x000001de3feff344 sp=0x000000b09abfda70
Event: 8130.072 Thread 0x000001de55338100 DEOPT UNPACKING pc=0x000001de37ede42f sp=0x000000b09abfd970 mode 2
Event: 8130.072 Thread 0x000001de55338100 Uncommon trap: trap_request=0xffffffde fr.pc=0x000001de3feff344 relative=0x00000000000001a4
Event: 8130.072 Thread 0x000001de55338100 Uncommon trap: reason=class_check action=maybe_recompile pc=0x000001de3feff344 method=java.lang.reflect.Array.newInstance(Ljava/lang/Class;I)Ljava/lang/Object; @ 2 c2
Event: 8130.072 Thread 0x000001de55338100 DEOPT PACKING pc=0x000001de3feff344 sp=0x000000b09abfda70
Event: 8130.072 Thread 0x000001de55338100 DEOPT UNPACKING pc=0x000001de37ede42f sp=0x000000b09abfd970 mode 2
Event: 9453.627 Thread 0x000001de55338100 Uncommon trap: trap_request=0xffffff45 fr.pc=0x000001de3ff9322c relative=0x0000000000000d8c
Event: 9453.627 Thread 0x000001de55338100 Uncommon trap: reason=unstable_if action=reinterpret pc=0x000001de3ff9322c method=java.io.BufferedWriter.min(II)I @ 2 c2
Event: 9453.627 Thread 0x000001de55338100 DEOPT PACKING pc=0x000001de3ff9322c sp=0x000000b09abfe910
Event: 9453.627 Thread 0x000001de55338100 DEOPT UNPACKING pc=0x000001de37ede42f sp=0x000000b09abfe6f8 mode 2
Event: 9453.627 Thread 0x000001de55338100 Uncommon trap: trap_request=0xffffff45 fr.pc=0x000001de3ff57eb8 relative=0x0000000000000cb8
Event: 9453.627 Thread 0x000001de55338100 Uncommon trap: reason=unstable_if action=reinterpret pc=0x000001de3ff57eb8 method=sun.nio.cs.SingleByte$Encoder.encodeArrayLoop(Ljava/nio/CharBuffer;Ljava/nio/ByteBuffer;)Ljava/nio/charset/CoderResult; @ 211 c2
Event: 9453.627 Thread 0x000001de55338100 DEOPT PACKING pc=0x000001de3ff57eb8 sp=0x000000b09abfe7e0
Event: 9453.627 Thread 0x000001de55338100 DEOPT UNPACKING pc=0x000001de37ede42f sp=0x000000b09abfe440 mode 2
Event: 9453.627 Thread 0x000001de55338100 Uncommon trap: trap_request=0xffffff45 fr.pc=0x000001de3fec9b40 relative=0x0000000000000520
Event: 9453.627 Thread 0x000001de55338100 Uncommon trap: reason=unstable_if action=reinterpret pc=0x000001de3fec9b40 method=java.io.BufferedWriter.min(II)I @ 2 c2
Event: 9453.627 Thread 0x000001de55338100 DEOPT PACKING pc=0x000001de3fec9b40 sp=0x000000b09abfe7d0
Event: 9453.627 Thread 0x000001de55338100 DEOPT UNPACKING pc=0x000001de37ede42f sp=0x000000b09abfe700 mode 2

Classes unloaded (20 events):
Event: 6099.283 Thread 0x000001de53b41580 Unloading class 0x00000008000c4440 'java/lang/invoke/LambdaForm$MH+0x00000008000c4440'
Event: 6099.283 Thread 0x000001de53b41580 Unloading class 0x00000008000c4c40 'java/lang/invoke/LambdaForm$MH+0x00000008000c4c40'
Event: 6099.283 Thread 0x000001de53b41580 Unloading class 0x00000008000c5440 'java/lang/invoke/LambdaForm$MH+0x00000008000c5440'
Event: 6099.283 Thread 0x000001de53b41580 Unloading class 0x00000008000c5040 'java/lang/invoke/LambdaForm$MH+0x00000008000c5040'
Event: 6099.283 Thread 0x000001de53b41580 Unloading class 0x00000008000c5c40 'java/lang/invoke/LambdaForm$MH+0x00000008000c5c40'
Event: 6099.283 Thread 0x000001de53b41580 Unloading class 0x00000008000c5840 'java/lang/invoke/LambdaForm$MH+0x00000008000c5840'
Event: 6099.283 Thread 0x000001de53b41580 Unloading class 0x00000008000c6440 'java/lang/invoke/LambdaForm$MH+0x00000008000c6440'
Event: 6099.283 Thread 0x000001de53b41580 Unloading class 0x00000008000c6040 'java/lang/invoke/LambdaForm$MH+0x00000008000c6040'
Event: 6099.283 Thread 0x000001de53b41580 Unloading class 0x00000008000c6c40 'java/lang/invoke/LambdaForm$MH+0x00000008000c6c40'
Event: 6099.283 Thread 0x000001de53b41580 Unloading class 0x00000008000c6840 'java/lang/invoke/LambdaForm$MH+0x00000008000c6840'
Event: 6099.283 Thread 0x000001de53b41580 Unloading class 0x00000008000c1040 'java/lang/invoke/LambdaForm$MH+0x00000008000c1040'
Event: 6099.283 Thread 0x000001de53b41580 Unloading class 0x00000008000c0c40 'java/lang/invoke/LambdaForm$MH+0x00000008000c0c40'
Event: 6099.283 Thread 0x000001de53b41580 Unloading class 0x00000008000c0840 'java/lang/invoke/LambdaForm$MH+0x00000008000c0840'
Event: 6099.283 Thread 0x000001de53b41580 Unloading class 0x00000008000c0440 'java/lang/invoke/LambdaForm$MH+0x00000008000c0440'
Event: 6099.283 Thread 0x000001de53b41580 Unloading class 0x00000008000c0040 'java/lang/invoke/LambdaForm$MH+0x00000008000c0040'
Event: 6099.283 Thread 0x000001de53b41580 Unloading class 0x0000000800062c40 'java/lang/invoke/LambdaForm$MH+0x0000000800062c40'
Event: 6099.283 Thread 0x000001de53b41580 Unloading class 0x0000000800063c40 'java/lang/invoke/LambdaForm$MH+0x0000000800063c40'
Event: 6099.283 Thread 0x000001de53b41580 Unloading class 0x0000000800064440 'java/lang/invoke/LambdaForm$MH+0x0000000800064440'
Event: 6099.283 Thread 0x000001de53b41580 Unloading class 0x0000000800064c40 'java/lang/invoke/LambdaForm$MH+0x0000000800064c40'
Event: 6099.283 Thread 0x000001de53b41580 Unloading class 0x0000000800065440 'java/lang/invoke/LambdaForm$MH+0x0000000800065440'

Classes redefined (0 events):
No events

Internal exceptions (20 events):
Event: 561.496 Thread 0x000001de5d147fe0 Exception <a 'java/lang/ArrayIndexOutOfBoundsException'{0x000000070e173580}> (0x000000070e173580) 
thrown [./open/src/hotspot/share/runtime/sharedRuntime.cpp, line 585]
Event: 561.496 Thread 0x000001de5d147fe0 Exception <a 'java/lang/ArrayIndexOutOfBoundsException'{0x000000070e1738a0}> (0x000000070e1738a0) 
thrown [./open/src/hotspot/share/runtime/sharedRuntime.cpp, line 585]
Event: 561.496 Thread 0x000001de5d147fe0 Exception <a 'java/lang/ArrayIndexOutOfBoundsException'{0x000000070e17e7e0}> (0x000000070e17e7e0) 
thrown [./open/src/hotspot/share/runtime/sharedRuntime.cpp, line 585]
Event: 561.496 Thread 0x000001de5d147fe0 Exception <a 'java/lang/ArrayIndexOutOfBoundsException'{0x000000070e17eb00}> (0x000000070e17eb00) 
thrown [./open/src/hotspot/share/runtime/sharedRuntime.cpp, line 585]
Event: 561.496 Thread 0x000001de5d147fe0 Exception <a 'java/lang/ArrayIndexOutOfBoundsException'{0x000000070e189a20}> (0x000000070e189a20) 
thrown [./open/src/hotspot/share/runtime/sharedRuntime.cpp, line 585]
Event: 561.496 Thread 0x000001de5d147fe0 Exception <a 'java/lang/ArrayIndexOutOfBoundsException'{0x000000070e189d40}> (0x000000070e189d40) 
thrown [./open/src/hotspot/share/runtime/sharedRuntime.cpp, line 585]
Event: 561.496 Thread 0x000001de5d147fe0 Exception <a 'java/lang/ArrayIndexOutOfBoundsException'{0x000000070e194d00}> (0x000000070e194d00) 
thrown [./open/src/hotspot/share/runtime/sharedRuntime.cpp, line 585]
Event: 561.496 Thread 0x000001de5d147fe0 Exception <a 'java/lang/ArrayIndexOutOfBoundsException'{0x000000070e195020}> (0x000000070e195020) 
thrown [./open/src/hotspot/share/runtime/sharedRuntime.cpp, line 585]
Event: 561.496 Thread 0x000001de5d147fe0 Exception <a 'java/lang/ArrayIndexOutOfBoundsException'{0x000000070e1a7ba8}> (0x000000070e1a7ba8) 
thrown [./open/src/hotspot/share/runtime/sharedRuntime.cpp, line 585]
Event: 561.496 Thread 0x000001de5d147fe0 Exception <a 'java/lang/ArrayIndexOutOfBoundsException'{0x000000070e1a7ec8}> (0x000000070e1a7ec8) 
thrown [./open/src/hotspot/share/runtime/sharedRuntime.cpp, line 585]
Event: 561.496 Thread 0x000001de5d147fe0 Exception <a 'java/lang/ArrayIndexOutOfBoundsException'{0x000000070e1ba128}> (0x000000070e1ba128) 
thrown [./open/src/hotspot/share/runtime/sharedRuntime.cpp, line 585]
Event: 561.496 Thread 0x000001de5d147fe0 Exception <a 'java/lang/ArrayIndexOutOfBoundsException'{0x000000070e1ba448}> (0x000000070e1ba448) 
thrown [./open/src/hotspot/share/runtime/sharedRuntime.cpp, line 585]
Event: 561.496 Thread 0x000001de5d147fe0 Exception <a 'java/lang/ArrayIndexOutOfBoundsException'{0x000000070e1cc310}> (0x000000070e1cc310) 
thrown [./open/src/hotspot/share/runtime/sharedRuntime.cpp, line 585]
Event: 561.496 Thread 0x000001de5d147fe0 Exception <a 'java/lang/ArrayIndexOutOfBoundsException'{0x000000070e1cc630}> (0x000000070e1cc630) 
thrown [./open/src/hotspot/share/runtime/sharedRuntime.cpp, line 585]
Event: 561.497 Thread 0x000001de5d147fe0 Exception <a 'java/lang/ArrayIndexOutOfBoundsException'{0x000000070de0f888}> (0x000000070de0f888) 
thrown [./open/src/hotspot/share/runtime/sharedRuntime.cpp, line 585]
Event: 561.497 Thread 0x000001de5d147fe0 Exception <a 'java/lang/ArrayIndexOutOfBoundsException'{0x000000070de0fba8}> (0x000000070de0fba8) 
thrown [./open/src/hotspot/share/runtime/sharedRuntime.cpp, line 585]
Event: 561.497 Thread 0x000001de5d147fe0 Exception <a 'java/lang/ArrayIndexOutOfBoundsException'{0x000000070de21cc0}> (0x000000070de21cc0) 
thrown [./open/src/hotspot/share/runtime/sharedRuntime.cpp, line 585]
Event: 561.497 Thread 0x000001de5d147fe0 Exception <a 'java/lang/ArrayIndexOutOfBoundsException'{0x000000070de21fe0}> (0x000000070de21fe0) 
thrown [./open/src/hotspot/share/runtime/sharedRuntime.cpp, line 585]
Event: 561.497 Thread 0x000001de5d147fe0 Exception <a 'java/lang/ArrayIndexOutOfBoundsException'{0x000000070de33ea8}> (0x000000070de33ea8) 
thrown [./open/src/hotspot/share/runtime/sharedRuntime.cpp, line 585]
Event: 561.497 Thread 0x000001de5d147fe0 Exception <a 'java/lang/ArrayIndexOutOfBoundsException'{0x000000070de341c8}> (0x000000070de341c8) 
thrown [./open/src/hotspot/share/runtime/sharedRuntime.cpp, line 585]

Events (20 events):
Event: 10879.929 Executing VM operation: HandshakeAllThreads done
Event: 10880.930 Executing VM operation: HandshakeAllThreads
Event: 10880.930 Executing VM operation: HandshakeAllThreads done
Event: 10881.682 Executing VM operation: G1CollectForAllocation
Event: 10881.684 Executing VM operation: G1CollectForAllocation done
Event: 10881.684 Executing VM operation: HandshakeAllThreads
Event: 10881.684 Executing VM operation: HandshakeAllThreads done
Event: 10882.685 Executing VM operation: HandshakeAllThreads
Event: 10882.685 Executing VM operation: HandshakeAllThreads done
Event: 10883.625 Executing VM operation: G1CollectForAllocation
Event: 10883.627 Executing VM operation: G1CollectForAllocation done
Event: 10883.627 Executing VM operation: HandshakeAllThreads
Event: 10883.627 Executing VM operation: HandshakeAllThreads done
Event: 10885.548 Executing VM operation: G1CollectForAllocation
Event: 10885.550 Executing VM operation: G1CollectForAllocation done
Event: 10885.698 Executing VM operation: G1CollectForAllocation
Event: 10885.699 Executing VM operation: G1CollectForAllocation done
Event: 10885.854 Executing VM operation: G1CollectForAllocation
Event: 10885.855 Executing VM operation: G1CollectForAllocation done
Event: 10885.914 Executing VM operation: G1Concurrent


Dynamic libraries:
0x00007ff6f5fb0000 - 0x00007ff6f5fbd000 	C:\Users\Daniel Mateo\.p2\pool\plugins\org.eclipse.justj.openjdk.hotspot.jre.full.win32.x86_64_15.0.2.v20210201-0955\jre\bin\javaw.exe
0x00007ffa055d0000 - 0x00007ffa057c5000 	C:\Windows\SYSTEM32\ntdll.dll
0x00007ffa03780000 - 0x00007ffa0383e000 	C:\Windows\System32\KERNEL32.DLL
0x00007ffa02dc0000 - 0x00007ffa03088000 	C:\Windows\System32\KERNELBASE.dll
0x00007ffa03100000 - 0x00007ffa03200000 	C:\Windows\System32\ucrtbase.dll
0x00007ff9fb860000 - 0x00007ff9fb879000 	C:\Users\Daniel Mateo\.p2\pool\plugins\org.eclipse.justj.openjdk.hotspot.jre.full.win32.x86_64_15.0.2.v20210201-0955\jre\bin\VCRUNTIME140.dll
0x00007ff9ea5f0000 - 0x00007ff9ea608000 	C:\Users\Daniel Mateo\.p2\pool\plugins\org.eclipse.justj.openjdk.hotspot.jre.full.win32.x86_64_15.0.2.v20210201-0955\jre\bin\jli.dll
0x00007ffa03840000 - 0x00007ffa039e0000 	C:\Windows\System32\USER32.dll
0x00007ffa032a0000 - 0x00007ffa032c2000 	C:\Windows\System32\win32u.dll
0x00007ff9e7480000 - 0x00007ff9e771a000 	C:\Windows\WinSxS\amd64_microsoft.windows.common-controls_6595b64144ccf1df_6.0.19041.1110_none_60b5254171f9507e\COMCTL32.dll
0x00007ffa039e0000 - 0x00007ffa03a0b000 	C:\Windows\System32\GDI32.dll
0x00007ffa034f0000 - 0x00007ffa035fb000 	C:\Windows\System32\gdi32full.dll
0x00007ffa05460000 - 0x00007ffa054fe000 	C:\Windows\System32\msvcrt.dll
0x00007ffa03200000 - 0x00007ffa0329d000 	C:\Windows\System32\msvcp_win.dll
0x00007ffa03d00000 - 0x00007ffa03d30000 	C:\Windows\System32\IMM32.DLL
0x00007ff9fb850000 - 0x00007ff9fb85c000 	C:\Users\Daniel Mateo\.p2\pool\plugins\org.eclipse.justj.openjdk.hotspot.jre.full.win32.x86_64_15.0.2.v20210201-0955\jre\bin\vcruntime140_1.dll
0x00007ff9ea460000 - 0x00007ff9ea4f1000 	C:\Users\Daniel Mateo\.p2\pool\plugins\org.eclipse.justj.openjdk.hotspot.jre.full.win32.x86_64_15.0.2.v20210201-0955\jre\bin\msvcp140.dll
0x00007ff996c30000 - 0x00007ff99778e000 	C:\Users\Daniel Mateo\.p2\pool\plugins\org.eclipse.justj.openjdk.hotspot.jre.full.win32.x86_64_15.0.2.v20210201-0955\jre\bin\server\jvm.dll
0x00007ffa036d0000 - 0x00007ffa0377e000 	C:\Windows\System32\ADVAPI32.dll
0x00007ffa04de0000 - 0x00007ffa04e7c000 	C:\Windows\System32\sechost.dll
0x00007ffa03a10000 - 0x00007ffa03b35000 	C:\Windows\System32\RPCRT4.dll
0x00007ffa04bc0000 - 0x00007ffa04bc8000 	C:\Windows\System32\PSAPI.DLL
0x00007ff9ef940000 - 0x00007ff9ef967000 	C:\Windows\SYSTEM32\WINMM.dll
0x00007ff9fb9f0000 - 0x00007ff9fb9fa000 	C:\Windows\SYSTEM32\VERSION.dll
0x00007ff9eab80000 - 0x00007ff9eab89000 	C:\Windows\SYSTEM32\WSOCK32.dll
0x00007ffa03d30000 - 0x00007ffa03d9b000 	C:\Windows\System32\WS2_32.dll
0x00007ffa01560000 - 0x00007ffa01572000 	C:\Windows\SYSTEM32\kernel.appcore.dll
0x00007ff9dd870000 - 0x00007ff9dd87a000 	C:\Users\Daniel Mateo\.p2\pool\plugins\org.eclipse.justj.openjdk.hotspot.jre.full.win32.x86_64_15.0.2.v20210201-0955\jre\bin\jimage.dll
0x00007ffa01360000 - 0x00007ffa01544000 	C:\Windows\SYSTEM32\DBGHELP.DLL
0x00007ff9ea970000 - 0x00007ff9ea99c000 	C:\Windows\SYSTEM32\dbgcore.DLL
0x00007ffa03430000 - 0x00007ffa034b2000 	C:\Windows\System32\bcryptPrimitives.dll
0x00007ff9dd840000 - 0x00007ff9dd865000 	C:\Users\Daniel Mateo\.p2\pool\plugins\org.eclipse.justj.openjdk.hotspot.jre.full.win32.x86_64_15.0.2.v20210201-0955\jre\bin\java.dll
0x00007ff9dd820000 - 0x00007ff9dd838000 	C:\Users\Daniel Mateo\.p2\pool\plugins\org.eclipse.justj.openjdk.hotspot.jre.full.win32.x86_64_15.0.2.v20210201-0955\jre\bin\zip.dll
0x00007ffa04470000 - 0x00007ffa04bb4000 	C:\Windows\System32\SHELL32.dll
0x00007ffa00af0000 - 0x00007ffa01284000 	C:\Windows\SYSTEM32\windows.storage.dll
0x00007ffa05040000 - 0x00007ffa05394000 	C:\Windows\System32\combase.dll
0x00007ffa02720000 - 0x00007ffa0274c000 	C:\Windows\SYSTEM32\Wldp.dll
0x00007ffa04f90000 - 0x00007ffa0503d000 	C:\Windows\System32\SHCORE.dll
0x00007ffa05500000 - 0x00007ffa05555000 	C:\Windows\System32\shlwapi.dll
0x00007ffa02c00000 - 0x00007ffa02c1f000 	C:\Windows\SYSTEM32\profapi.dll
0x00007ff9dd800000 - 0x00007ff9dd819000 	C:\Users\Daniel Mateo\.p2\pool\plugins\org.eclipse.justj.openjdk.hotspot.jre.full.win32.x86_64_15.0.2.v20210201-0955\jre\bin\net.dll
0x00007ff9f1d30000 - 0x00007ff9f1e39000 	C:\Windows\SYSTEM32\WINHTTP.dll
0x00007ffa02480000 - 0x00007ffa024ea000 	C:\Windows\system32\mswsock.dll
0x00007ff9dd7e0000 - 0x00007ff9dd7f2000 	C:\Users\Daniel Mateo\.p2\pool\plugins\org.eclipse.justj.openjdk.hotspot.jre.full.win32.x86_64_15.0.2.v20210201-0955\jre\bin\nio.dll
0x000001de559d0000 - 0x000001de559d3000 	X:\Daniel Mateo\Documentos\Universidad\2022-1\Proyecto de grado (ISIS)\Repositorio\ProyectoGrado_ISIS\Java Libraries\javafx-sdk-18\bin\api-ms-win-core-console-l1-1-0.dll
0x000001de559e0000 - 0x000001de559e3000 	X:\Daniel Mateo\Documentos\Universidad\2022-1\Proyecto de grado (ISIS)\Repositorio\ProyectoGrado_ISIS\Java Libraries\javafx-sdk-18\bin\api-ms-win-core-console-l1-2-0.dll
0x000001de559f0000 - 0x000001de559f3000 	X:\Daniel Mateo\Documentos\Universidad\2022-1\Proyecto de grado (ISIS)\Repositorio\ProyectoGrado_ISIS\Java Libraries\javafx-sdk-18\bin\api-ms-win-core-datetime-l1-1-0.dll
0x000001de55a00000 - 0x000001de55a03000 	X:\Daniel Mateo\Documentos\Universidad\2022-1\Proyecto de grado (ISIS)\Repositorio\ProyectoGrado_ISIS\Java Libraries\javafx-sdk-18\bin\api-ms-win-core-debug-l1-1-0.dll
0x000001de55a10000 - 0x000001de55a13000 	X:\Daniel Mateo\Documentos\Universidad\2022-1\Proyecto de grado (ISIS)\Repositorio\ProyectoGrado_ISIS\Java Libraries\javafx-sdk-18\bin\api-ms-win-core-errorhandling-l1-1-0.dll
0x000001de55a20000 - 0x000001de55a24000 	X:\Daniel Mateo\Documentos\Universidad\2022-1\Proyecto de grado (ISIS)\Repositorio\ProyectoGrado_ISIS\Java Libraries\javafx-sdk-18\bin\api-ms-win-core-file-l1-1-0.dll
0x000001de55a30000 - 0x000001de55a33000 	X:\Daniel Mateo\Documentos\Universidad\2022-1\Proyecto de grado (ISIS)\Repositorio\ProyectoGrado_ISIS\Java Libraries\javafx-sdk-18\bin\api-ms-win-core-file-l1-2-0.dll
0x000001de55a40000 - 0x000001de55a43000 	X:\Daniel Mateo\Documentos\Universidad\2022-1\Proyecto de grado (ISIS)\Repositorio\ProyectoGrado_ISIS\Java Libraries\javafx-sdk-18\bin\api-ms-win-core-file-l2-1-0.dll
0x000001de55a50000 - 0x000001de55a53000 	X:\Daniel Mateo\Documentos\Universidad\2022-1\Proyecto de grado (ISIS)\Repositorio\ProyectoGrado_ISIS\Java Libraries\javafx-sdk-18\bin\api-ms-win-core-handle-l1-1-0.dll
0x000001de55a60000 - 0x000001de55a63000 	X:\Daniel Mateo\Documentos\Universidad\2022-1\Proyecto de grado (ISIS)\Repositorio\ProyectoGrado_ISIS\Java Libraries\javafx-sdk-18\bin\api-ms-win-core-heap-l1-1-0.dll
0x000001de55a70000 - 0x000001de55a73000 	X:\Daniel Mateo\Documentos\Universidad\2022-1\Proyecto de grado (ISIS)\Repositorio\ProyectoGrado_ISIS\Java Libraries\javafx-sdk-18\bin\api-ms-win-core-interlocked-l1-1-0.dll
0x000001de55a80000 - 0x000001de55a83000 	X:\Daniel Mateo\Documentos\Universidad\2022-1\Proyecto de grado (ISIS)\Repositorio\ProyectoGrado_ISIS\Java Libraries\javafx-sdk-18\bin\api-ms-win-core-libraryloader-l1-1-0.dll
0x000001de55a90000 - 0x000001de55a93000 	X:\Daniel Mateo\Documentos\Universidad\2022-1\Proyecto de grado (ISIS)\Repositorio\ProyectoGrado_ISIS\Java Libraries\javafx-sdk-18\bin\api-ms-win-core-localization-l1-2-0.dll
0x000001de55aa0000 - 0x000001de55aa3000 	X:\Daniel Mateo\Documentos\Universidad\2022-1\Proyecto de grado (ISIS)\Repositorio\ProyectoGrado_ISIS\Java Libraries\javafx-sdk-18\bin\api-ms-win-core-memory-l1-1-0.dll
0x000001de55ab0000 - 0x000001de55ab3000 	X:\Daniel Mateo\Documentos\Universidad\2022-1\Proyecto de grado (ISIS)\Repositorio\ProyectoGrado_ISIS\Java Libraries\javafx-sdk-18\bin\api-ms-win-core-namedpipe-l1-1-0.dll
0x000001de55ac0000 - 0x000001de55ac3000 	X:\Daniel Mateo\Documentos\Universidad\2022-1\Proyecto de grado (ISIS)\Repositorio\ProyectoGrado_ISIS\Java Libraries\javafx-sdk-18\bin\api-ms-win-core-processenvironment-l1-1-0.dll
0x000001de55ad0000 - 0x000001de55ad3000 	X:\Daniel Mateo\Documentos\Universidad\2022-1\Proyecto de grado (ISIS)\Repositorio\ProyectoGrado_ISIS\Java Libraries\javafx-sdk-18\bin\api-ms-win-core-processthreads-l1-1-0.dll
0x000001de55ae0000 - 0x000001de55ae3000 	X:\Daniel Mateo\Documentos\Universidad\2022-1\Proyecto de grado (ISIS)\Repositorio\ProyectoGrado_ISIS\Java Libraries\javafx-sdk-18\bin\api-ms-win-core-processthreads-l1-1-1.dll
0x000001de55af0000 - 0x000001de55af3000 	X:\Daniel Mateo\Documentos\Universidad\2022-1\Proyecto de grado (ISIS)\Repositorio\ProyectoGrado_ISIS\Java Libraries\javafx-sdk-18\bin\api-ms-win-core-profile-l1-1-0.dll
0x000001de55b00000 - 0x000001de55b03000 	X:\Daniel Mateo\Documentos\Universidad\2022-1\Proyecto de grado (ISIS)\Repositorio\ProyectoGrado_ISIS\Java Libraries\javafx-sdk-18\bin\api-ms-win-core-rtlsupport-l1-1-0.dll
0x000001de55b10000 - 0x000001de55b13000 	X:\Daniel Mateo\Documentos\Universidad\2022-1\Proyecto de grado (ISIS)\Repositorio\ProyectoGrado_ISIS\Java Libraries\javafx-sdk-18\bin\api-ms-win-core-string-l1-1-0.dll
0x000001de55b20000 - 0x000001de55b23000 	X:\Daniel Mateo\Documentos\Universidad\2022-1\Proyecto de grado (ISIS)\Repositorio\ProyectoGrado_ISIS\Java Libraries\javafx-sdk-18\bin\api-ms-win-core-synch-l1-1-0.dll
0x000001de55b30000 - 0x000001de55b33000 	X:\Daniel Mateo\Documentos\Universidad\2022-1\Proyecto de grado (ISIS)\Repositorio\ProyectoGrado_ISIS\Java Libraries\javafx-sdk-18\bin\api-ms-win-core-synch-l1-2-0.dll
0x000001de55b40000 - 0x000001de55b43000 	X:\Daniel Mateo\Documentos\Universidad\2022-1\Proyecto de grado (ISIS)\Repositorio\ProyectoGrado_ISIS\Java Libraries\javafx-sdk-18\bin\api-ms-win-core-sysinfo-l1-1-0.dll
0x000001de55b50000 - 0x000001de55b53000 	X:\Daniel Mateo\Documentos\Universidad\2022-1\Proyecto de grado (ISIS)\Repositorio\ProyectoGrado_ISIS\Java Libraries\javafx-sdk-18\bin\api-ms-win-core-timezone-l1-1-0.dll
0x000001de55b60000 - 0x000001de55b63000 	X:\Daniel Mateo\Documentos\Universidad\2022-1\Proyecto de grado (ISIS)\Repositorio\ProyectoGrado_ISIS\Java Libraries\javafx-sdk-18\bin\api-ms-win-core-util-l1-1-0.dll
0x000001de55b70000 - 0x000001de55b73000 	X:\Daniel Mateo\Documentos\Universidad\2022-1\Proyecto de grado (ISIS)\Repositorio\ProyectoGrado_ISIS\Java Libraries\javafx-sdk-18\bin\api-ms-win-crt-conio-l1-1-0.dll
0x000001de55b80000 - 0x000001de55b84000 	X:\Daniel Mateo\Documentos\Universidad\2022-1\Proyecto de grado (ISIS)\Repositorio\ProyectoGrado_ISIS\Java Libraries\javafx-sdk-18\bin\api-ms-win-crt-convert-l1-1-0.dll
0x000001de55b90000 - 0x000001de55b93000 	X:\Daniel Mateo\Documentos\Universidad\2022-1\Proyecto de grado (ISIS)\Repositorio\ProyectoGrado_ISIS\Java Libraries\javafx-sdk-18\bin\api-ms-win-crt-environment-l1-1-0.dll
0x000001de55ba0000 - 0x000001de55ba3000 	X:\Daniel Mateo\Documentos\Universidad\2022-1\Proyecto de grado (ISIS)\Repositorio\ProyectoGrado_ISIS\Java Libraries\javafx-sdk-18\bin\api-ms-win-crt-filesystem-l1-1-0.dll
0x000001de55bb0000 - 0x000001de55bb3000 	X:\Daniel Mateo\Documentos\Universidad\2022-1\Proyecto de grado (ISIS)\Repositorio\ProyectoGrado_ISIS\Java Libraries\javafx-sdk-18\bin\api-ms-win-crt-heap-l1-1-0.dll
0x000001de55bc0000 - 0x000001de55bc3000 	X:\Daniel Mateo\Documentos\Universidad\2022-1\Proyecto de grado (ISIS)\Repositorio\ProyectoGrado_ISIS\Java Libraries\javafx-sdk-18\bin\api-ms-win-crt-locale-l1-1-0.dll
0x000001de55bd0000 - 0x000001de55bd5000 	X:\Daniel Mateo\Documentos\Universidad\2022-1\Proyecto de grado (ISIS)\Repositorio\ProyectoGrado_ISIS\Java Libraries\javafx-sdk-18\bin\api-ms-win-crt-math-l1-1-0.dll
0x000001de55be0000 - 0x000001de55be5000 	X:\Daniel Mateo\Documentos\Universidad\2022-1\Proyecto de grado (ISIS)\Repositorio\ProyectoGrado_ISIS\Java Libraries\javafx-sdk-18\bin\api-ms-win-crt-multibyte-l1-1-0.dll
0x000001de55bf0000 - 0x000001de55c00000 	X:\Daniel Mateo\Documentos\Universidad\2022-1\Proyecto de grado (ISIS)\Repositorio\ProyectoGrado_ISIS\Java Libraries\javafx-sdk-18\bin\api-ms-win-crt-private-l1-1-0.dll
0x000001de55c00000 - 0x000001de55c03000 	X:\Daniel Mateo\Documentos\Universidad\2022-1\Proyecto de grado (ISIS)\Repositorio\ProyectoGrado_ISIS\Java Libraries\javafx-sdk-18\bin\api-ms-win-crt-process-l1-1-0.dll
0x000001de55c10000 - 0x000001de55c14000 	X:\Daniel Mateo\Documentos\Universidad\2022-1\Proyecto de grado (ISIS)\Repositorio\ProyectoGrado_ISIS\Java Libraries\javafx-sdk-18\bin\api-ms-win-crt-runtime-l1-1-0.dll
0x000001de55c20000 - 0x000001de55c24000 	X:\Daniel Mateo\Documentos\Universidad\2022-1\Proyecto de grado (ISIS)\Repositorio\ProyectoGrado_ISIS\Java Libraries\javafx-sdk-18\bin\api-ms-win-crt-stdio-l1-1-0.dll
0x000001de55c30000 - 0x000001de55c34000 	X:\Daniel Mateo\Documentos\Universidad\2022-1\Proyecto de grado (ISIS)\Repositorio\ProyectoGrado_ISIS\Java Libraries\javafx-sdk-18\bin\api-ms-win-crt-string-l1-1-0.dll
0x000001de55c40000 - 0x000001de55c43000 	X:\Daniel Mateo\Documentos\Universidad\2022-1\Proyecto de grado (ISIS)\Repositorio\ProyectoGrado_ISIS\Java Libraries\javafx-sdk-18\bin\api-ms-win-crt-time-l1-1-0.dll
0x000001de55c50000 - 0x000001de55c53000 	X:\Daniel Mateo\Documentos\Universidad\2022-1\Proyecto de grado (ISIS)\Repositorio\ProyectoGrado_ISIS\Java Libraries\javafx-sdk-18\bin\api-ms-win-crt-utility-l1-1-0.dll
0x00007ff9e8690000 - 0x00007ff9e878c000 	X:\Daniel Mateo\Documentos\Universidad\2022-1\Proyecto de grado (ISIS)\Repositorio\ProyectoGrado_ISIS\Java Libraries\javafx-sdk-18\bin\ucrtbase.dll
0x00007ff9ea5d0000 - 0x00007ff9ea5ea000 	X:\Daniel Mateo\Documentos\Universidad\2022-1\Proyecto de grado (ISIS)\Repositorio\ProyectoGrado_ISIS\Java Libraries\javafx-sdk-18\bin\vcruntime140.dll
0x00007ff9ea5c0000 - 0x00007ff9ea5cc000 	X:\Daniel Mateo\Documentos\Universidad\2022-1\Proyecto de grado (ISIS)\Repositorio\ProyectoGrado_ISIS\Java Libraries\javafx-sdk-18\bin\vcruntime140_1.dll
0x00007ff9dbd10000 - 0x00007ff9dbd9d000 	X:\Daniel Mateo\Documentos\Universidad\2022-1\Proyecto de grado (ISIS)\Repositorio\ProyectoGrado_ISIS\Java Libraries\javafx-sdk-18\bin\msvcp140.dll
0x00007ff9ea590000 - 0x00007ff9ea5bc000 	X:\Daniel Mateo\Documentos\Universidad\2022-1\Proyecto de grado (ISIS)\Repositorio\ProyectoGrado_ISIS\Java Libraries\javafx-sdk-18\bin\prism_d3d.dll
0x00007ff9f0e90000 - 0x00007ff9f105f000 	C:\Windows\system32\d3d9.dll
0x00007ffa00620000 - 0x00007ffa0064f000 	C:\Windows\SYSTEM32\dwmapi.dll
0x00007ffa003b0000 - 0x00007ffa0044e000 	C:\Windows\system32\uxtheme.dll
0x00007ff9b2890000 - 0x00007ff9b2a5d000 	C:\Windows\System32\DriverStore\FileRepository\iigd_dch.inf_amd64_7d6ad0397c5dc3fd\igdumdim64.dll
0x00007ff9f58b0000 - 0x00007ff9f59d0000 	C:\Windows\System32\DriverStore\FileRepository\iigd_dch.inf_amd64_7d6ad0397c5dc3fd\igdgmm64.dll
0x00007ff9ae920000 - 0x00007ff9b2531000 	C:\Windows\System32\DriverStore\FileRepository\iigd_dch.inf_amd64_7d6ad0397c5dc3fd\igd9dxva64.dll
0x00007ffa03b40000 - 0x00007ffa03c6a000 	C:\Windows\System32\OLE32.dll
0x00007ffa03600000 - 0x00007ffa036cd000 	C:\Windows\System32\OLEAUT32.dll
0x00007ff9ea410000 - 0x00007ff9ea452000 	X:\Daniel Mateo\Documentos\Universidad\2022-1\Proyecto de grado (ISIS)\Repositorio\ProyectoGrado_ISIS\Java Libraries\javafx-sdk-18\bin\glass.dll
0x00007ffa03da0000 - 0x00007ffa03e7b000 	C:\Windows\System32\COMDLG32.dll
0x00007ffa03ee0000 - 0x00007ffa03ff6000 	C:\Windows\System32\MSCTF.dll
0x00007ff9bca40000 - 0x00007ff9bca61000 	C:\Windows\System32\DriverStore\FileRepository\iigd_dch.inf_amd64_7d6ad0397c5dc3fd\igdinfo64.dll
0x00007ff9f2c00000 - 0x00007ff9f4f60000 	C:\Windows\System32\DriverStore\FileRepository\iigd_dch.inf_amd64_7d6ad0397c5dc3fd\igc64.dll
0x00007ff9f8030000 - 0x00007ff9f806b000 	C:\Windows\SYSTEM32\dxcore.dll
0x00007ffa02cc0000 - 0x00007ffa02d0e000 	C:\Windows\System32\cfgmgr32.dll
0x00007ff9ea3f0000 - 0x00007ff9ea404000 	X:\Daniel Mateo\Documentos\Universidad\2022-1\Proyecto de grado (ISIS)\Repositorio\ProyectoGrado_ISIS\Java Libraries\javafx-sdk-18\bin\javafx_font.dll
0x00007ff9f1940000 - 0x00007ff9f1bbf000 	C:\Windows\SYSTEM32\dwrite.dll
0x00007ff9ea580000 - 0x00007ff9ea587000 	X:\Daniel Mateo\Documentos\Universidad\2022-1\Proyecto de grado (ISIS)\Repositorio\ProyectoGrado_ISIS\Java Libraries\javafx-sdk-18\bin\prism_common.dll
0x00007ff9dd7c0000 - 0x00007ff9dd7d0000 	C:\Users\Daniel Mateo\.p2\pool\plugins\org.eclipse.justj.openjdk.hotspot.jre.full.win32.x86_64_15.0.2.v20210201-0955\jre\bin\verify.dll
0x00007ff9dbb90000 - 0x00007ff9dbd0f000 	C:\Users\Daniel Mateo\.p2\pool\plugins\org.eclipse.justj.openjdk.hotspot.jre.full.win32.x86_64_15.0.2.v20210201-0955\jre\bin\awt.dll
0x00007ffa00250000 - 0x00007ffa002e0000 	C:\Windows\SYSTEM32\apphelp.dll
0x00007ffa02680000 - 0x00007ffa02698000 	C:\Windows\SYSTEM32\CRYPTSP.dll
0x00007ffa01d90000 - 0x00007ffa01dc4000 	C:\Windows\system32\rsaenh.dll
0x00007ffa034c0000 - 0x00007ffa034e7000 	C:\Windows\System32\bcrypt.dll
0x00007ffa02b80000 - 0x00007ffa02bae000 	C:\Windows\SYSTEM32\USERENV.dll
0x00007ffa02670000 - 0x00007ffa0267c000 	C:\Windows\SYSTEM32\CRYPTBASE.dll
0x00007ffa02120000 - 0x00007ffa0215b000 	C:\Windows\SYSTEM32\IPHLPAPI.DLL
0x00007ffa053a0000 - 0x00007ffa053a8000 	C:\Windows\System32\NSI.dll
0x00007ff9fa9a0000 - 0x00007ff9fa9b7000 	C:\Windows\SYSTEM32\dhcpcsvc6.DLL
0x00007ff9fa980000 - 0x00007ff9fa99d000 	C:\Windows\SYSTEM32\dhcpcsvc.DLL
0x00007ffa02160000 - 0x00007ffa0222a000 	C:\Windows\SYSTEM32\DNSAPI.dll
0x00007ff9d2930000 - 0x00007ff9d2a56000 	C:\Windows\system32\opengl32.dll
0x00007ff9d5c20000 - 0x00007ff9d5c4c000 	C:\Windows\SYSTEM32\GLU32.dll
0x00007ff9f1e70000 - 0x00007ff9f1e7a000 	C:\Windows\System32\rasadhlp.dll
0x00007ff9dbb00000 - 0x00007ff9dbb85000 	C:\Users\Daniel Mateo\.p2\pool\plugins\org.eclipse.justj.openjdk.hotspot.jre.full.win32.x86_64_15.0.2.v20210201-0955\jre\bin\freetype.dll
0x00007ff9db130000 - 0x00007ff9db1d9000 	C:\Users\Daniel Mateo\.p2\pool\plugins\org.eclipse.justj.openjdk.hotspot.jre.full.win32.x86_64_15.0.2.v20210201-0955\jre\bin\fontmanager.dll
0x00007ff9f18c0000 - 0x00007ff9f193f000 	C:\Windows\System32\fwpuclnt.dll
0x00007ffa053b0000 - 0x00007ffa05459000 	C:\Windows\System32\clbcatq.dll

dbghelp: loaded successfully - version: 4.0.5 - missing functions: none
symbol engine: initialized successfully - sym options: 0x614 - pdb path: .;C:\Users\Daniel Mateo\.p2\pool\plugins\org.eclipse.justj.openjdk.hotspot.jre.full.win32.x86_64_15.0.2.v20210201-0955\jre\bin;C:\Windows\SYSTEM32;C:\Windows\WinSxS\amd64_microsoft.windows.common-controls_6595b64144ccf1df_6.0.19041.1110_none_60b5254171f9507e;C:\Users\Daniel Mateo\.p2\pool\plugins\org.eclipse.justj.openjdk.hotspot.jre.full.win32.x86_64_15.0.2.v20210201-0955\jre\bin\server;X:\Daniel Mateo\Documentos\Universidad\2022-1\Proyecto de grado (ISIS)\Repositorio\ProyectoGrado_ISIS\Java Libraries\javafx-sdk-18\bin;C:\Windows\System32\DriverStore\FileRepository\iigd_dch.inf_amd64_7d6ad0397c5dc3fd;C:\Program Files\Common Files\Microsoft Shared\Ink

VM Arguments:
jvm_args: -Dfile.encoding=Cp1252 -XX:+ShowCodeDetailsInExceptionMessages 
java_command: cupcarbon.CupCarbonMain
java_class_path (initial): X:\Daniel Mateo\Documentos\Universidad\2022-1\Proyecto de grado (ISIS)\Repositorio\ProyectoGrado_ISIS\CupCarbon\target\classes;C:\Users\Daniel Mateo\.p2\pool\plugins\org.junit_4.13.0.v20200204-1500.jar;C:\Users\Daniel Mateo\.p2\pool\plugins\org.hamcrest.core_1.3.0.v20180420-1519.jar;X:\Daniel Mateo\Documentos\Universidad\2022-1\Proyecto de grado (ISIS)\Repositorio\ProyectoGrado_ISIS\CupCarbon\libs\jython\jython-standalone-2.7.0.jar;X:\Daniel Mateo\Documentos\Universidad\2022-1\Proyecto de grado (ISIS)\Repositorio\ProyectoGrado_ISIS\CupCarbon\libs\paho\paho.jar;X:\Daniel Mateo\Documentos\Universidad\2022-1\Proyecto de grado (ISIS)\Repositorio\ProyectoGrado_ISIS\CupCarbon\libs\java3d\vecmath.jar;X:\Daniel Mateo\Documentos\Universidad\2022-1\Proyecto de grado (ISIS)\Repositorio\ProyectoGrado_ISIS\CupCarbon\libs\openstreetmap\swingx-ws-2007_10_14.jar;X:\Daniel Mateo\Documentos\Universidad\2022-1\Proyecto de grado (ISIS)\Repositorio\ProyectoGrado_ISIS\CupCarbon\libs\openstreetmap\swingx.jar;X:\Daniel Mateo\Documentos\Universidad\2022-1\Proyecto de grado (ISIS)\Repositorio\ProyectoGrado_ISIS\Java Libraries\javafx-sdk-18\lib\javafx.base.jar;X:\Daniel Mateo\Documentos\Universidad\2022-1\Proyecto de grado (ISIS)\Repositorio\ProyectoGrado_ISIS\Java Libraries\javafx-sdk-18\lib\javafx.controls.jar;X:\Daniel Mateo\Documentos\Universidad\2022-1\Proyecto de grado (ISIS)\Repositorio\ProyectoGrado_ISIS\Java Libraries\javafx-sdk-18\lib\javafx.fxml.jar;X:\Daniel Mateo\Documentos\Universidad\2022-1\Proyecto de grado (ISIS)\Repositorio\ProyectoGrado_ISIS\Java Libraries\javafx-sdk-18\lib\javafx.graphics.jar;X:\Daniel Mateo\Documentos\Universidad\2022-1\Proyecto de grado (ISIS)\Repositorio\ProyectoGrado_ISIS\Java Libraries\javafx-sdk-18\lib\javafx.media.jar;X:\Daniel Mateo\Documentos\Universidad\2022-1\Proyecto de grado (ISIS)\Repositorio\ProyectoGrado_ISIS\Java Libraries\javafx-sdk-18\lib\javafx.swing.jar;X:\Daniel Mateo\Documentos\Universidad\2022-1\Proyecto
Launcher Type: SUN_STANDARD

[Global flags]
     intx CICompilerCount                          = 4                                         {product} {ergonomic}
     uint ConcGCThreads                            = 2                                         {product} {ergonomic}
     uint G1ConcRefinementThreads                  = 8                                         {product} {ergonomic}
   size_t G1HeapRegionSize                         = 2097152                                   {product} {ergonomic}
    uintx GCDrainStackTargetSize                   = 64                                        {product} {ergonomic}
   size_t InitialHeapSize                          = 266338304                                 {product} {ergonomic}
   size_t MarkStackSize                            = 4194304                                   {product} {ergonomic}
   size_t MaxHeapSize                              = 4253024256                                {product} {ergonomic}
   size_t MaxNewSize                               = 2550136832                                {product} {ergonomic}
   size_t MinHeapDeltaBytes                        = 2097152                                   {product} {ergonomic}
   size_t MinHeapSize                              = 8388608                                   {product} {ergonomic}
    uintx NonNMethodCodeHeapSize                   = 5839372                                {pd product} {ergonomic}
    uintx NonProfiledCodeHeapSize                  = 122909434                              {pd product} {ergonomic}
    uintx ProfiledCodeHeapSize                     = 122909434                              {pd product} {ergonomic}
    uintx ReservedCodeCacheSize                    = 251658240                              {pd product} {ergonomic}
     bool SegmentedCodeCache                       = true                                      {product} {ergonomic}
     bool ShowCodeDetailsInExceptionMessages       = true                                   {manageable} {command line}
   size_t SoftMaxHeapSize                          = 4253024256                             {manageable} {ergonomic}
     bool UseCompressedClassPointers               = true                                 {lp64_product} {ergonomic}
     bool UseCompressedOops                        = true                                 {lp64_product} {ergonomic}
     bool UseG1GC                                  = true                                      {product} {ergonomic}
     bool UseLargePagesIndividualAllocation        = false                                  {pd product} {ergonomic}

Logging:
Log output configuration:
 #0: stdout all=warning uptime,level,tags
 #1: stderr all=off uptime,level,tags

Environment Variables:
JAVA_HOME=X:\Programas\Java\jdk1.8.0_321
PATH=C:/Users/Daniel Mateo/.p2/pool/plugins/org.eclipse.justj.openjdk.hotspot.jre.full.win32.x86_64_15.0.2.v20210201-0955/jre/bin/server;C:/Users/Daniel Mateo/.p2/pool/plugins/org.eclipse.justj.openjdk.hotspot.jre.full.win32.x86_64_15.0.2.v20210201-0955/jre/bin;C:\Program Files (x86)\Common Files\Oracle\Java\javapath;C:\Program Files\NVIDIA GPU Computing Toolkit\CUDA\v11.6\bin;C:\Program Files\NVIDIA GPU Computing Toolkit\CUDA\v11.6\libnvvp;X:\Programas\VMware\VMware Player\bin\;X:\Programas\Python\Python38\Scripts\;X:\Programas\Python\Python38\;X:\Programas\Gurobi\win64\bin;C:\Windows\system32;C:\Windows;C:\Windows\System32\Wbem;C:\Windows\System32\WindowsPowerShell\v1.0\;C:\Windows\System32\OpenSSH\;C:\Program Files (x86)\NVIDIA Corporation\PhysX\Common;C:\Program Files\NVIDIA Corporation\NVIDIA NvDLISR;X:\Programas\MATLAB\R2021a\runtime\win64;X:\Programas\MATLAB\R2021a\bin;X:\Programas\Java\jdk1.8.0_321\bin;X:\Programas\PostgreSQL\13\bin;X:\Programas\nodejs\;X:\Programas\Strawberry\c\bin;X:\Programas\Strawberry\perl\site\bin;X:\Programas\Strawberry\perl\bin;C:\Program Files\NVIDIA Corporation\Nsight Compute 2022.1.1\;X:\Programas\Git\cmd;X:\Programas\Python\Python37\Scripts\;X:\Programas\Python\Python37\;C:\Users\Daniel Mateo\AppData\Local\Microsoft\WindowsApps;X:\Programas\Microsoft VS Code\bin;C:\Users\Daniel Mateo\AppData\Local\GitHubDesktop\bin;C:\Users\Daniel Mateo\AppData\Roaming\npm;X:\Guati\FlutterSDK\flutter\bin;;X:\Daniel Mateo\Escritorio;
USERNAME=Daniel Mateo
OS=Windows_NT
PROCESSOR_IDENTIFIER=Intel64 Family 6 Model 158 Stepping 13, GenuineIntel



---------------  S Y S T E M  ---------------

OS:
 Windows 10 , 64 bit Build 19041 (10.0.19041.1566)
OS uptime: 0 days 3:08 hours

CPU: total 8 (initial active 8) (4 cores per cpu, 2 threads per core) family 6 model 158 stepping 13 microcode 0xcc, cmov, cx8, fxsr, mmx, sse, sse2, sse3, ssse3, sse4.1, sse4.2, popcnt, vzeroupper, avx, avx2, aes, clmul, erms, 3dnowpref, lzcnt, ht, tsc, tscinvbit, bmi1, bmi2, adx, fma, clflush, clflushopt

Memory: 4k page, system-wide physical 16221M (5382M free)
TotalPageFile size 65373M (AvailPageFile size 0M)
current process WorkingSet (physical memory assigned to process): 57523M, peak: 57523M
current process commit charge ("private bytes"): 57877M, peak: 57883M

vm_info: OpenJDK 64-Bit Server VM (15.0.2+7-27) for windows-amd64 JRE (15.0.2+7-27), built on Dec  7 2020 20:02:38 by "mach5one" with unknown MS VC++:1925

END.
